[2022-12-22 11:21:50,457][cellpose.models][INFO] - >>>> loading model /gpfsstore/rech/jsy/uzj81mi/Mari_Models/CellPose/CP_20221121_182849
[2022-12-22 11:21:50,458][cellpose.core][INFO] - >>>> using CPU
[2022-12-22 11:21:50,791][cellpose.models][INFO] - >>>> model diam_mean =  30.000 (ROIs rescaled to this size during training)
[2022-12-22 11:21:50,791][cellpose.models][INFO] - >>>> model diam_labels =  34.611 (mean diameter of training ROIs)
[2022-12-22 11:21:50,949][cellpose.transforms][INFO] - multi-stack tiff read in as having 16 planes 1 channels
[2022-12-22 11:21:51,215][cellpose.models][INFO] - 0%|          | 0/16 [00:00<?, ?it/s]
[2022-12-22 11:21:56,540][cellpose.models][INFO] - 6%|6         | 1/16 [00:05<01:19,  5.32s/it]
[2022-12-22 11:22:01,505][cellpose.models][INFO] - 12%|#2        | 2/16 [00:10<01:11,  5.11s/it]
[2022-12-22 11:22:06,545][cellpose.models][INFO] - 19%|#8        | 3/16 [00:15<01:06,  5.08s/it]
[2022-12-22 11:22:11,487][cellpose.models][INFO] - 25%|##5       | 4/16 [00:20<01:00,  5.03s/it]
[2022-12-22 11:22:16,502][cellpose.models][INFO] - 31%|###1      | 5/16 [00:25<00:55,  5.02s/it]
[2022-12-22 11:22:21,488][cellpose.models][INFO] - 38%|###7      | 6/16 [00:30<00:50,  5.01s/it]
[2022-12-22 11:22:26,458][cellpose.models][INFO] - 44%|####3     | 7/16 [00:35<00:44,  5.00s/it]
[2022-12-22 11:22:31,472][cellpose.models][INFO] - 50%|#####     | 8/16 [00:40<00:40,  5.00s/it]
[2022-12-22 11:22:36,471][cellpose.models][INFO] - 56%|#####6    | 9/16 [00:45<00:35,  5.00s/it]
[2022-12-22 11:22:41,468][cellpose.models][INFO] - 62%|######2   | 10/16 [00:50<00:29,  5.00s/it]
[2022-12-22 11:22:46,488][cellpose.models][INFO] - 69%|######8   | 11/16 [00:55<00:25,  5.01s/it]
[2022-12-22 11:22:51,459][cellpose.models][INFO] - 75%|#######5  | 12/16 [01:00<00:19,  5.00s/it]
[2022-12-22 11:22:56,496][cellpose.models][INFO] - 81%|########1 | 13/16 [01:05<00:15,  5.01s/it]
[2022-12-22 11:23:01,538][cellpose.models][INFO] - 88%|########7 | 14/16 [01:10<00:10,  5.02s/it]
[2022-12-22 11:23:06,546][cellpose.models][INFO] - 94%|#########3| 15/16 [01:15<00:05,  5.02s/it]
[2022-12-22 11:23:11,569][cellpose.models][INFO] - 100%|##########| 16/16 [01:20<00:00,  5.02s/it]
[2022-12-22 11:23:11,569][cellpose.models][INFO] - 100%|##########| 16/16 [01:20<00:00,  5.02s/it]
[2022-12-22 11:23:11,570][cellpose.models][INFO] - network run in 80.36s
[2022-12-22 11:23:11,573][cellpose.dynamics][INFO] - No cell pixels found.
[2022-12-22 11:25:16,421][cellpose.dynamics][INFO] - No cell pixels found.
[2022-12-22 11:25:16,432][cellpose.dynamics][INFO] - No cell pixels found.
[2022-12-22 11:25:16,753][cellpose.models][INFO] - stitching 16 planes using stitch_threshold=0.500 to make 3D masks
[2022-12-22 11:25:17,812][cellpose.models][INFO] - masks created in 126.24s
