[2022-12-22 09:10:41,254][cellpose.models][INFO] - >>>> loading model /gpfsstore/rech/jsy/uzj81mi/Mari_Models/CellPose/CP_20221121_182849
[2022-12-22 09:10:41,254][cellpose.core][INFO] - >>>> using CPU
[2022-12-22 09:10:41,496][cellpose.models][INFO] - >>>> model diam_mean =  30.000 (ROIs rescaled to this size during training)
[2022-12-22 09:10:41,497][cellpose.models][INFO] - >>>> model diam_labels =  34.611 (mean diameter of training ROIs)
[2022-12-22 09:10:41,659][cellpose.transforms][INFO] - multi-stack tiff read in as having 16 planes 1 channels
[2022-12-22 09:10:41,926][cellpose.models][INFO] - 0%|          | 0/16 [00:00<?, ?it/s]
[2022-12-22 09:10:47,019][cellpose.models][INFO] - 6%|6         | 1/16 [00:05<01:16,  5.09s/it]
[2022-12-22 09:10:51,884][cellpose.models][INFO] - 12%|#2        | 2/16 [00:09<01:09,  4.96s/it]
[2022-12-22 09:10:56,733][cellpose.models][INFO] - 19%|#8        | 3/16 [00:14<01:03,  4.91s/it]
[2022-12-22 09:11:01,576][cellpose.models][INFO] - 25%|##5       | 4/16 [00:19<00:58,  4.88s/it]
[2022-12-22 09:11:06,458][cellpose.models][INFO] - 31%|###1      | 5/16 [00:24<00:53,  4.88s/it]
[2022-12-22 09:11:11,364][cellpose.models][INFO] - 38%|###7      | 6/16 [00:29<00:48,  4.89s/it]
[2022-12-22 09:11:16,212][cellpose.models][INFO] - 44%|####3     | 7/16 [00:34<00:43,  4.88s/it]
[2022-12-22 09:11:21,101][cellpose.models][INFO] - 50%|#####     | 8/16 [00:39<00:39,  4.88s/it]
[2022-12-22 09:11:25,993][cellpose.models][INFO] - 56%|#####6    | 9/16 [00:44<00:34,  4.88s/it]
[2022-12-22 09:11:30,878][cellpose.models][INFO] - 62%|######2   | 10/16 [00:48<00:29,  4.88s/it]
[2022-12-22 09:11:35,794][cellpose.models][INFO] - 69%|######8   | 11/16 [00:53<00:24,  4.89s/it]
[2022-12-22 09:11:40,665][cellpose.models][INFO] - 75%|#######5  | 12/16 [00:58<00:19,  4.89s/it]
[2022-12-22 09:11:45,535][cellpose.models][INFO] - 81%|########1 | 13/16 [01:03<00:14,  4.88s/it]
[2022-12-22 09:11:50,466][cellpose.models][INFO] - 88%|########7 | 14/16 [01:08<00:09,  4.90s/it]
[2022-12-22 09:11:55,371][cellpose.models][INFO] - 94%|#########3| 15/16 [01:13<00:04,  4.90s/it]
[2022-12-22 09:12:00,233][cellpose.models][INFO] - 100%|##########| 16/16 [01:18<00:00,  4.89s/it]
[2022-12-22 09:12:00,234][cellpose.models][INFO] - 100%|##########| 16/16 [01:18<00:00,  4.89s/it]
[2022-12-22 09:12:00,234][cellpose.models][INFO] - network run in 78.31s
[2022-12-22 09:12:00,237][cellpose.dynamics][INFO] - No cell pixels found.
[2022-12-22 09:14:05,591][cellpose.dynamics][INFO] - No cell pixels found.
[2022-12-22 09:14:05,601][cellpose.dynamics][INFO] - No cell pixels found.
[2022-12-22 09:14:05,920][cellpose.models][INFO] - stitching 16 planes using stitch_threshold=0.500 to make 3D masks
[2022-12-22 09:14:06,976][cellpose.models][INFO] - masks created in 126.74s
