[2022-12-22 00:05:24,422][cellpose.models][INFO] - >>>> loading model /gpfsstore/rech/jsy/uzj81mi/Mari_Models/CellPose/CP_20221121_182849
[2022-12-22 00:05:24,422][cellpose.core][INFO] - >>>> using CPU
[2022-12-22 00:05:24,854][cellpose.models][INFO] - >>>> model diam_mean =  30.000 (ROIs rescaled to this size during training)
[2022-12-22 00:05:24,855][cellpose.models][INFO] - >>>> model diam_labels =  34.611 (mean diameter of training ROIs)
[2022-12-22 00:05:25,049][cellpose.transforms][INFO] - multi-stack tiff read in as having 16 planes 1 channels
[2022-12-22 00:05:25,321][cellpose.models][INFO] - 0%|          | 0/16 [00:00<?, ?it/s]
[2022-12-22 00:05:30,307][cellpose.models][INFO] - 6%|6         | 1/16 [00:04<01:14,  4.99s/it]
[2022-12-22 00:05:35,150][cellpose.models][INFO] - 12%|#2        | 2/16 [00:09<01:08,  4.90s/it]
[2022-12-22 00:05:39,980][cellpose.models][INFO] - 19%|#8        | 3/16 [00:14<01:03,  4.87s/it]
[2022-12-22 00:05:44,833][cellpose.models][INFO] - 25%|##5       | 4/16 [00:19<00:58,  4.86s/it]
[2022-12-22 00:05:49,670][cellpose.models][INFO] - 31%|###1      | 5/16 [00:24<00:53,  4.85s/it]
[2022-12-22 00:05:54,536][cellpose.models][INFO] - 38%|###7      | 6/16 [00:29<00:48,  4.86s/it]
[2022-12-22 00:05:59,390][cellpose.models][INFO] - 44%|####3     | 7/16 [00:34<00:43,  4.86s/it]
[2022-12-22 00:06:04,211][cellpose.models][INFO] - 50%|#####     | 8/16 [00:38<00:38,  4.85s/it]
[2022-12-22 00:06:09,084][cellpose.models][INFO] - 56%|#####6    | 9/16 [00:43<00:33,  4.85s/it]
[2022-12-22 00:06:13,907][cellpose.models][INFO] - 62%|######2   | 10/16 [00:48<00:29,  4.84s/it]
[2022-12-22 00:06:18,771][cellpose.models][INFO] - 69%|######8   | 11/16 [00:53<00:24,  4.85s/it]
[2022-12-22 00:06:23,628][cellpose.models][INFO] - 75%|#######5  | 12/16 [00:58<00:19,  4.85s/it]
[2022-12-22 00:06:28,498][cellpose.models][INFO] - 81%|########1 | 13/16 [01:03<00:14,  4.86s/it]
[2022-12-22 00:06:33,328][cellpose.models][INFO] - 88%|########7 | 14/16 [01:08<00:09,  4.85s/it]
[2022-12-22 00:06:38,189][cellpose.models][INFO] - 94%|#########3| 15/16 [01:12<00:04,  4.85s/it]
[2022-12-22 00:06:43,026][cellpose.models][INFO] - 100%|##########| 16/16 [01:17<00:00,  4.85s/it]
[2022-12-22 00:06:43,026][cellpose.models][INFO] - 100%|##########| 16/16 [01:17<00:00,  4.86s/it]
[2022-12-22 00:06:43,026][cellpose.models][INFO] - network run in 77.71s
[2022-12-22 00:06:43,029][cellpose.dynamics][INFO] - No cell pixels found.
[2022-12-22 00:06:43,154][cellpose.dynamics][WARNING] - WARNING: no mask pixels found
[2022-12-22 00:06:43,155][cellpose.dynamics][INFO] - No cell pixels found.
[2022-12-22 00:08:05,701][cellpose.models][INFO] - stitching 16 planes using stitch_threshold=0.500 to make 3D masks
[2022-12-22 00:08:06,689][cellpose.models][INFO] - masks created in 83.66s
