[2022-12-22 02:33:05,139][cellpose.models][INFO] - >>>> loading model /gpfsstore/rech/jsy/uzj81mi/Mari_Models/CellPose/CP_20221121_182849
[2022-12-22 02:33:05,140][cellpose.core][INFO] - >>>> using CPU
[2022-12-22 02:33:05,419][cellpose.models][INFO] - >>>> model diam_mean =  30.000 (ROIs rescaled to this size during training)
[2022-12-22 02:33:05,419][cellpose.models][INFO] - >>>> model diam_labels =  34.611 (mean diameter of training ROIs)
[2022-12-22 02:33:05,621][cellpose.transforms][INFO] - multi-stack tiff read in as having 16 planes 1 channels
[2022-12-22 02:33:05,890][cellpose.models][INFO] - 0%|          | 0/16 [00:00<?, ?it/s]
[2022-12-22 02:33:10,900][cellpose.models][INFO] - 6%|6         | 1/16 [00:05<01:15,  5.01s/it]
[2022-12-22 02:33:15,727][cellpose.models][INFO] - 12%|#2        | 2/16 [00:09<01:08,  4.90s/it]
[2022-12-22 02:33:20,400][cellpose.models][INFO] - 19%|#8        | 3/16 [00:14<01:02,  4.80s/it]
[2022-12-22 02:33:25,136][cellpose.models][INFO] - 25%|##5       | 4/16 [00:19<00:57,  4.77s/it]
[2022-12-22 02:33:29,895][cellpose.models][INFO] - 31%|###1      | 5/16 [00:24<00:52,  4.77s/it]
[2022-12-22 02:33:34,645][cellpose.models][INFO] - 38%|###7      | 6/16 [00:28<00:47,  4.76s/it]
[2022-12-22 02:33:39,432][cellpose.models][INFO] - 44%|####3     | 7/16 [00:33<00:42,  4.77s/it]
[2022-12-22 02:33:44,207][cellpose.models][INFO] - 50%|#####     | 8/16 [00:38<00:38,  4.77s/it]
[2022-12-22 02:33:48,958][cellpose.models][INFO] - 56%|#####6    | 9/16 [00:43<00:33,  4.77s/it]
[2022-12-22 02:33:53,703][cellpose.models][INFO] - 62%|######2   | 10/16 [00:47<00:28,  4.76s/it]
[2022-12-22 02:33:58,423][cellpose.models][INFO] - 69%|######8   | 11/16 [00:52<00:23,  4.75s/it]
[2022-12-22 02:34:03,204][cellpose.models][INFO] - 75%|#######5  | 12/16 [00:57<00:19,  4.76s/it]
[2022-12-22 02:34:07,867][cellpose.models][INFO] - 81%|########1 | 13/16 [01:01<00:14,  4.73s/it]
[2022-12-22 02:34:12,611][cellpose.models][INFO] - 88%|########7 | 14/16 [01:06<00:09,  4.73s/it]
[2022-12-22 02:34:17,322][cellpose.models][INFO] - 94%|#########3| 15/16 [01:11<00:04,  4.73s/it]
[2022-12-22 02:34:22,012][cellpose.models][INFO] - 100%|##########| 16/16 [01:16<00:00,  4.72s/it]
[2022-12-22 02:34:22,012][cellpose.models][INFO] - 100%|##########| 16/16 [01:16<00:00,  4.76s/it]
[2022-12-22 02:34:22,012][cellpose.models][INFO] - network run in 76.12s
[2022-12-22 02:34:22,016][cellpose.dynamics][INFO] - No cell pixels found.
[2022-12-22 02:34:22,144][cellpose.dynamics][WARNING] - WARNING: no mask pixels found
[2022-12-22 02:34:22,144][cellpose.dynamics][INFO] - No cell pixels found.
[2022-12-22 02:35:48,027][cellpose.models][INFO] - stitching 16 planes using stitch_threshold=0.500 to make 3D masks
[2022-12-22 02:35:48,995][cellpose.models][INFO] - masks created in 86.98s
