[2022-12-22 00:46:27,305][cellpose.models][INFO] - >>>> loading model /gpfsstore/rech/jsy/uzj81mi/Mari_Models/CellPose/CP_20221121_182849
[2022-12-22 00:46:27,306][cellpose.core][INFO] - >>>> using CPU
[2022-12-22 00:46:27,635][cellpose.models][INFO] - >>>> model diam_mean =  30.000 (ROIs rescaled to this size during training)
[2022-12-22 00:46:27,635][cellpose.models][INFO] - >>>> model diam_labels =  34.611 (mean diameter of training ROIs)
[2022-12-22 00:46:27,792][cellpose.transforms][INFO] - multi-stack tiff read in as having 16 planes 1 channels
[2022-12-22 00:46:28,052][cellpose.models][INFO] - 0%|          | 0/16 [00:00<?, ?it/s]
[2022-12-22 00:46:33,304][cellpose.models][INFO] - 6%|6         | 1/16 [00:05<01:18,  5.25s/it]
[2022-12-22 00:46:38,170][cellpose.models][INFO] - 12%|#2        | 2/16 [00:10<01:10,  5.02s/it]
[2022-12-22 00:46:43,089][cellpose.models][INFO] - 19%|#8        | 3/16 [00:15<01:04,  4.98s/it]
[2022-12-22 00:46:47,928][cellpose.models][INFO] - 25%|##5       | 4/16 [00:19<00:59,  4.92s/it]
[2022-12-22 00:46:52,830][cellpose.models][INFO] - 31%|###1      | 5/16 [00:24<00:54,  4.91s/it]
[2022-12-22 00:46:57,717][cellpose.models][INFO] - 38%|###7      | 6/16 [00:29<00:49,  4.91s/it]
[2022-12-22 00:47:02,621][cellpose.models][INFO] - 44%|####3     | 7/16 [00:34<00:44,  4.91s/it]
[2022-12-22 00:47:07,499][cellpose.models][INFO] - 50%|#####     | 8/16 [00:39<00:39,  4.90s/it]
[2022-12-22 00:47:12,452][cellpose.models][INFO] - 56%|#####6    | 9/16 [00:44<00:34,  4.91s/it]
[2022-12-22 00:47:17,369][cellpose.models][INFO] - 62%|######2   | 10/16 [00:49<00:29,  4.91s/it]
[2022-12-22 00:47:22,217][cellpose.models][INFO] - 69%|######8   | 11/16 [00:54<00:24,  4.89s/it]
[2022-12-22 00:47:27,122][cellpose.models][INFO] - 75%|#######5  | 12/16 [00:59<00:19,  4.90s/it]
[2022-12-22 00:47:32,044][cellpose.models][INFO] - 81%|########1 | 13/16 [01:03<00:14,  4.90s/it]
[2022-12-22 00:47:36,912][cellpose.models][INFO] - 88%|########7 | 14/16 [01:08<00:09,  4.89s/it]
[2022-12-22 00:47:41,794][cellpose.models][INFO] - 94%|#########3| 15/16 [01:13<00:04,  4.89s/it]
[2022-12-22 00:47:46,688][cellpose.models][INFO] - 100%|##########| 16/16 [01:18<00:00,  4.89s/it]
[2022-12-22 00:47:46,688][cellpose.models][INFO] - 100%|##########| 16/16 [01:18<00:00,  4.91s/it]
[2022-12-22 00:47:46,688][cellpose.models][INFO] - network run in 78.64s
[2022-12-22 00:47:46,691][cellpose.dynamics][INFO] - No cell pixels found.
[2022-12-22 00:47:46,812][cellpose.dynamics][WARNING] - WARNING: no mask pixels found
[2022-12-22 00:47:46,812][cellpose.dynamics][INFO] - No cell pixels found.
[2022-12-22 00:49:14,272][cellpose.models][INFO] - stitching 16 planes using stitch_threshold=0.500 to make 3D masks
[2022-12-22 00:49:15,239][cellpose.models][INFO] - masks created in 88.55s
