[2022-12-22 12:14:57,771][cellpose.models][INFO] - >>>> loading model /gpfsstore/rech/jsy/uzj81mi/Mari_Models/CellPose/CP_20221121_182849
[2022-12-22 12:14:57,771][cellpose.core][INFO] - >>>> using CPU
[2022-12-22 12:14:58,153][cellpose.models][INFO] - >>>> model diam_mean =  30.000 (ROIs rescaled to this size during training)
[2022-12-22 12:14:58,153][cellpose.models][INFO] - >>>> model diam_labels =  34.611 (mean diameter of training ROIs)
[2022-12-22 12:14:58,356][cellpose.transforms][INFO] - multi-stack tiff read in as having 16 planes 1 channels
[2022-12-22 12:14:58,629][cellpose.models][INFO] - 0%|          | 0/16 [00:00<?, ?it/s]
[2022-12-22 12:15:04,005][cellpose.models][INFO] - 6%|6         | 1/16 [00:05<01:20,  5.38s/it]
[2022-12-22 12:15:09,194][cellpose.models][INFO] - 12%|#2        | 2/16 [00:10<01:13,  5.27s/it]
[2022-12-22 12:15:14,380][cellpose.models][INFO] - 19%|#8        | 3/16 [00:15<01:07,  5.23s/it]
[2022-12-22 12:15:19,401][cellpose.models][INFO] - 25%|##5       | 4/16 [00:20<01:01,  5.15s/it]
[2022-12-22 12:15:24,476][cellpose.models][INFO] - 31%|###1      | 5/16 [00:25<00:56,  5.12s/it]
[2022-12-22 12:15:29,541][cellpose.models][INFO] - 38%|###7      | 6/16 [00:30<00:51,  5.10s/it]
[2022-12-22 12:15:34,561][cellpose.models][INFO] - 44%|####3     | 7/16 [00:35<00:45,  5.08s/it]
[2022-12-22 12:15:39,611][cellpose.models][INFO] - 50%|#####     | 8/16 [00:40<00:40,  5.07s/it]
[2022-12-22 12:15:44,700][cellpose.models][INFO] - 56%|#####6    | 9/16 [00:46<00:35,  5.07s/it]
[2022-12-22 12:15:49,787][cellpose.models][INFO] - 62%|######2   | 10/16 [00:51<00:30,  5.08s/it]
[2022-12-22 12:15:54,865][cellpose.models][INFO] - 69%|######8   | 11/16 [00:56<00:25,  5.08s/it]
[2022-12-22 12:15:59,950][cellpose.models][INFO] - 75%|#######5  | 12/16 [01:01<00:20,  5.08s/it]
[2022-12-22 12:16:05,029][cellpose.models][INFO] - 81%|########1 | 13/16 [01:06<00:15,  5.08s/it]
[2022-12-22 12:16:10,105][cellpose.models][INFO] - 88%|########7 | 14/16 [01:11<00:10,  5.08s/it]
[2022-12-22 12:16:15,187][cellpose.models][INFO] - 94%|#########3| 15/16 [01:16<00:05,  5.08s/it]
[2022-12-22 12:16:20,246][cellpose.models][INFO] - 100%|##########| 16/16 [01:21<00:00,  5.07s/it]
[2022-12-22 12:16:20,246][cellpose.models][INFO] - 100%|##########| 16/16 [01:21<00:00,  5.10s/it]
[2022-12-22 12:16:20,247][cellpose.models][INFO] - network run in 81.62s
[2022-12-22 12:16:20,250][cellpose.dynamics][INFO] - No cell pixels found.
[2022-12-22 12:18:24,400][cellpose.dynamics][INFO] - No cell pixels found.
[2022-12-22 12:18:24,405][cellpose.dynamics][INFO] - No cell pixels found.
[2022-12-22 12:18:24,724][cellpose.models][INFO] - stitching 16 planes using stitch_threshold=0.500 to make 3D masks
[2022-12-22 12:18:25,816][cellpose.models][INFO] - masks created in 125.57s
