[2022-12-22 10:57:21,770][cellpose.models][INFO] - >>>> loading model /gpfsstore/rech/jsy/uzj81mi/Mari_Models/CellPose/CP_20221121_182849
[2022-12-22 10:57:21,770][cellpose.core][INFO] - >>>> using CPU
[2022-12-22 10:57:22,102][cellpose.models][INFO] - >>>> model diam_mean =  30.000 (ROIs rescaled to this size during training)
[2022-12-22 10:57:22,102][cellpose.models][INFO] - >>>> model diam_labels =  34.611 (mean diameter of training ROIs)
[2022-12-22 10:57:22,265][cellpose.transforms][INFO] - multi-stack tiff read in as having 16 planes 1 channels
[2022-12-22 10:57:22,538][cellpose.models][INFO] - 0%|          | 0/16 [00:00<?, ?it/s]
[2022-12-22 10:57:27,762][cellpose.models][INFO] - 6%|6         | 1/16 [00:05<01:18,  5.22s/it]
[2022-12-22 10:57:32,732][cellpose.models][INFO] - 12%|#2        | 2/16 [00:10<01:11,  5.07s/it]
[2022-12-22 10:57:38,119][cellpose.models][INFO] - 19%|#8        | 3/16 [00:15<01:07,  5.22s/it]
[2022-12-22 10:57:43,275][cellpose.models][INFO] - 25%|##5       | 4/16 [00:20<01:02,  5.19s/it]
[2022-12-22 10:57:48,316][cellpose.models][INFO] - 31%|###1      | 5/16 [00:25<00:56,  5.14s/it]
[2022-12-22 10:57:53,373][cellpose.models][INFO] - 38%|###7      | 6/16 [00:30<00:51,  5.11s/it]
[2022-12-22 10:57:58,463][cellpose.models][INFO] - 44%|####3     | 7/16 [00:35<00:45,  5.10s/it]
[2022-12-22 10:58:03,516][cellpose.models][INFO] - 50%|#####     | 8/16 [00:40<00:40,  5.09s/it]
[2022-12-22 10:58:08,670][cellpose.models][INFO] - 56%|#####6    | 9/16 [00:46<00:35,  5.11s/it]
[2022-12-22 10:58:13,759][cellpose.models][INFO] - 62%|######2   | 10/16 [00:51<00:30,  5.10s/it]
[2022-12-22 10:58:18,816][cellpose.models][INFO] - 69%|######8   | 11/16 [00:56<00:25,  5.09s/it]
[2022-12-22 10:58:23,926][cellpose.models][INFO] - 75%|#######5  | 12/16 [01:01<00:20,  5.10s/it]
[2022-12-22 10:58:29,031][cellpose.models][INFO] - 81%|########1 | 13/16 [01:06<00:15,  5.10s/it]
[2022-12-22 10:58:34,128][cellpose.models][INFO] - 88%|########7 | 14/16 [01:11<00:10,  5.10s/it]
[2022-12-22 10:58:39,221][cellpose.models][INFO] - 94%|#########3| 15/16 [01:16<00:05,  5.10s/it]
[2022-12-22 10:58:44,292][cellpose.models][INFO] - 100%|##########| 16/16 [01:21<00:00,  5.09s/it]
[2022-12-22 10:58:44,292][cellpose.models][INFO] - 100%|##########| 16/16 [01:21<00:00,  5.11s/it]
[2022-12-22 10:58:44,293][cellpose.models][INFO] - network run in 81.76s
[2022-12-22 10:58:44,296][cellpose.dynamics][INFO] - No cell pixels found.
[2022-12-22 11:00:48,787][cellpose.dynamics][INFO] - No cell pixels found.
[2022-12-22 11:00:48,792][cellpose.dynamics][INFO] - No cell pixels found.
[2022-12-22 11:00:49,113][cellpose.models][INFO] - stitching 16 planes using stitch_threshold=0.500 to make 3D masks
[2022-12-22 11:00:50,177][cellpose.models][INFO] - masks created in 125.88s
