[2022-12-22 13:03:16,131][cellpose.models][INFO] - >>>> loading model /gpfsstore/rech/jsy/uzj81mi/Mari_Models/CellPose/CP_20221121_182849
[2022-12-22 13:03:16,131][cellpose.core][INFO] - >>>> using CPU
[2022-12-22 13:03:16,489][cellpose.models][INFO] - >>>> model diam_mean =  30.000 (ROIs rescaled to this size during training)
[2022-12-22 13:03:16,489][cellpose.models][INFO] - >>>> model diam_labels =  34.611 (mean diameter of training ROIs)
[2022-12-22 13:03:16,662][cellpose.transforms][INFO] - multi-stack tiff read in as having 16 planes 1 channels
[2022-12-22 13:03:16,923][cellpose.models][INFO] - 0%|          | 0/16 [00:00<?, ?it/s]
[2022-12-22 13:03:22,361][cellpose.models][INFO] - 6%|6         | 1/16 [00:05<01:21,  5.44s/it]
[2022-12-22 13:03:27,223][cellpose.models][INFO] - 12%|#2        | 2/16 [00:10<01:11,  5.10s/it]
[2022-12-22 13:03:32,101][cellpose.models][INFO] - 19%|#8        | 3/16 [00:15<01:04,  5.00s/it]
[2022-12-22 13:03:37,435][cellpose.models][INFO] - 25%|##5       | 4/16 [00:20<01:01,  5.13s/it]
[2022-12-22 13:03:44,270][cellpose.models][INFO] - 31%|###1      | 5/16 [00:27<01:03,  5.75s/it]
[2022-12-22 13:03:48,913][cellpose.models][INFO] - 38%|###7      | 6/16 [00:31<00:53,  5.37s/it]
[2022-12-22 13:03:53,676][cellpose.models][INFO] - 44%|####3     | 7/16 [00:36<00:46,  5.17s/it]
[2022-12-22 13:03:58,288][cellpose.models][INFO] - 50%|#####     | 8/16 [00:41<00:39,  4.99s/it]
[2022-12-22 13:04:02,972][cellpose.models][INFO] - 56%|#####6    | 9/16 [00:46<00:34,  4.90s/it]
[2022-12-22 13:04:08,368][cellpose.models][INFO] - 62%|######2   | 10/16 [00:51<00:30,  5.05s/it]
[2022-12-22 13:04:13,164][cellpose.models][INFO] - 69%|######8   | 11/16 [00:56<00:24,  4.97s/it]
[2022-12-22 13:04:17,780][cellpose.models][INFO] - 75%|#######5  | 12/16 [01:00<00:19,  4.86s/it]
[2022-12-22 13:04:22,407][cellpose.models][INFO] - 81%|########1 | 13/16 [01:05<00:14,  4.79s/it]
[2022-12-22 13:04:26,992][cellpose.models][INFO] - 88%|########7 | 14/16 [01:10<00:09,  4.73s/it]
[2022-12-22 13:04:31,573][cellpose.models][INFO] - 94%|#########3| 15/16 [01:14<00:04,  4.69s/it]
[2022-12-22 13:04:36,142][cellpose.models][INFO] - 100%|##########| 16/16 [01:19<00:00,  4.65s/it]
[2022-12-22 13:04:36,143][cellpose.models][INFO] - 100%|##########| 16/16 [01:19<00:00,  4.95s/it]
[2022-12-22 13:04:36,143][cellpose.models][INFO] - network run in 79.22s
[2022-12-22 13:04:36,146][cellpose.dynamics][INFO] - No cell pixels found.
[2022-12-22 13:06:10,994][cellpose.dynamics][INFO] - No cell pixels found.
[2022-12-22 13:06:11,004][cellpose.dynamics][INFO] - No cell pixels found.
[2022-12-22 13:06:11,329][cellpose.models][INFO] - stitching 16 planes using stitch_threshold=0.500 to make 3D masks
[2022-12-22 13:06:12,411][cellpose.models][INFO] - masks created in 96.27s
