[2022-12-22 11:58:59,382][cellpose.models][INFO] - >>>> loading model /gpfsstore/rech/jsy/uzj81mi/Mari_Models/CellPose/CP_20221121_182849
[2022-12-22 11:58:59,383][cellpose.core][INFO] - >>>> using CPU
[2022-12-22 11:58:59,732][cellpose.models][INFO] - >>>> model diam_mean =  30.000 (ROIs rescaled to this size during training)
[2022-12-22 11:58:59,732][cellpose.models][INFO] - >>>> model diam_labels =  34.611 (mean diameter of training ROIs)
[2022-12-22 11:58:59,924][cellpose.transforms][INFO] - multi-stack tiff read in as having 16 planes 1 channels
[2022-12-22 11:59:00,195][cellpose.models][INFO] - 0%|          | 0/16 [00:00<?, ?it/s]
[2022-12-22 11:59:05,429][cellpose.models][INFO] - 6%|6         | 1/16 [00:05<01:18,  5.23s/it]
[2022-12-22 11:59:10,388][cellpose.models][INFO] - 12%|#2        | 2/16 [00:10<01:11,  5.07s/it]
[2022-12-22 11:59:15,368][cellpose.models][INFO] - 19%|#8        | 3/16 [00:15<01:05,  5.03s/it]
[2022-12-22 11:59:20,294][cellpose.models][INFO] - 25%|##5       | 4/16 [00:20<00:59,  4.99s/it]
[2022-12-22 11:59:25,269][cellpose.models][INFO] - 31%|###1      | 5/16 [00:25<00:54,  4.98s/it]
[2022-12-22 11:59:30,375][cellpose.models][INFO] - 38%|###7      | 6/16 [00:30<00:50,  5.03s/it]
[2022-12-22 11:59:35,302][cellpose.models][INFO] - 44%|####3     | 7/16 [00:35<00:44,  4.99s/it]
[2022-12-22 11:59:40,156][cellpose.models][INFO] - 50%|#####     | 8/16 [00:39<00:39,  4.95s/it]
[2022-12-22 11:59:45,011][cellpose.models][INFO] - 56%|#####6    | 9/16 [00:44<00:34,  4.92s/it]
[2022-12-22 11:59:49,877][cellpose.models][INFO] - 62%|######2   | 10/16 [00:49<00:29,  4.90s/it]
[2022-12-22 11:59:54,716][cellpose.models][INFO] - 69%|######8   | 11/16 [00:54<00:24,  4.88s/it]
[2022-12-22 11:59:59,562][cellpose.models][INFO] - 75%|#######5  | 12/16 [00:59<00:19,  4.87s/it]
[2022-12-22 12:00:04,419][cellpose.models][INFO] - 81%|########1 | 13/16 [01:04<00:14,  4.87s/it]
[2022-12-22 12:00:09,279][cellpose.models][INFO] - 88%|########7 | 14/16 [01:09<00:09,  4.87s/it]
[2022-12-22 12:00:14,132][cellpose.models][INFO] - 94%|#########3| 15/16 [01:13<00:04,  4.86s/it]
[2022-12-22 12:00:18,989][cellpose.models][INFO] - 100%|##########| 16/16 [01:18<00:00,  4.86s/it]
[2022-12-22 12:00:18,989][cellpose.models][INFO] - 100%|##########| 16/16 [01:18<00:00,  4.92s/it]
[2022-12-22 12:00:18,989][cellpose.models][INFO] - network run in 78.80s
[2022-12-22 12:00:18,992][cellpose.dynamics][INFO] - No cell pixels found.
[2022-12-22 12:02:23,122][cellpose.dynamics][INFO] - No cell pixels found.
[2022-12-22 12:02:23,127][cellpose.dynamics][INFO] - No cell pixels found.
[2022-12-22 12:02:23,446][cellpose.models][INFO] - stitching 16 planes using stitch_threshold=0.500 to make 3D masks
[2022-12-22 12:02:24,494][cellpose.models][INFO] - masks created in 125.50s
