[2022-12-22 01:17:22,280][cellpose.models][INFO] - >>>> loading model /gpfsstore/rech/jsy/uzj81mi/Mari_Models/CellPose/CP_20221121_182849
[2022-12-22 01:17:22,280][cellpose.core][INFO] - >>>> using CPU
[2022-12-22 01:17:22,588][cellpose.models][INFO] - >>>> model diam_mean =  30.000 (ROIs rescaled to this size during training)
[2022-12-22 01:17:22,588][cellpose.models][INFO] - >>>> model diam_labels =  34.611 (mean diameter of training ROIs)
[2022-12-22 01:17:22,749][cellpose.transforms][INFO] - multi-stack tiff read in as having 16 planes 1 channels
[2022-12-22 01:17:23,014][cellpose.models][INFO] - 0%|          | 0/16 [00:00<?, ?it/s]
[2022-12-22 01:17:28,190][cellpose.models][INFO] - 6%|6         | 1/16 [00:05<01:17,  5.18s/it]
[2022-12-22 01:17:33,006][cellpose.models][INFO] - 12%|#2        | 2/16 [00:09<01:09,  4.96s/it]
[2022-12-22 01:17:37,803][cellpose.models][INFO] - 19%|#8        | 3/16 [00:14<01:03,  4.89s/it]
[2022-12-22 01:17:42,581][cellpose.models][INFO] - 25%|##5       | 4/16 [00:19<00:58,  4.84s/it]
[2022-12-22 01:17:47,400][cellpose.models][INFO] - 31%|###1      | 5/16 [00:24<00:53,  4.84s/it]
[2022-12-22 01:17:52,204][cellpose.models][INFO] - 38%|###7      | 6/16 [00:29<00:48,  4.82s/it]
[2022-12-22 01:17:56,983][cellpose.models][INFO] - 44%|####3     | 7/16 [00:33<00:43,  4.81s/it]
[2022-12-22 01:18:01,797][cellpose.models][INFO] - 50%|#####     | 8/16 [00:38<00:38,  4.81s/it]
[2022-12-22 01:18:06,607][cellpose.models][INFO] - 56%|#####6    | 9/16 [00:43<00:33,  4.81s/it]
[2022-12-22 01:18:11,428][cellpose.models][INFO] - 62%|######2   | 10/16 [00:48<00:28,  4.81s/it]
[2022-12-22 01:18:16,260][cellpose.models][INFO] - 69%|######8   | 11/16 [00:53<00:24,  4.82s/it]
[2022-12-22 01:18:21,090][cellpose.models][INFO] - 75%|#######5  | 12/16 [00:58<00:19,  4.82s/it]
[2022-12-22 01:18:25,916][cellpose.models][INFO] - 81%|########1 | 13/16 [01:02<00:14,  4.82s/it]
[2022-12-22 01:18:30,730][cellpose.models][INFO] - 88%|########7 | 14/16 [01:07<00:09,  4.82s/it]
[2022-12-22 01:18:35,523][cellpose.models][INFO] - 94%|#########3| 15/16 [01:12<00:04,  4.81s/it]
[2022-12-22 01:18:40,343][cellpose.models][INFO] - 100%|##########| 16/16 [01:17<00:00,  4.81s/it]
[2022-12-22 01:18:40,343][cellpose.models][INFO] - 100%|##########| 16/16 [01:17<00:00,  4.83s/it]
[2022-12-22 01:18:40,343][cellpose.models][INFO] - network run in 77.33s
[2022-12-22 01:18:40,346][cellpose.dynamics][INFO] - No cell pixels found.
[2022-12-22 01:18:40,467][cellpose.dynamics][WARNING] - WARNING: no mask pixels found
[2022-12-22 01:18:40,467][cellpose.dynamics][INFO] - No cell pixels found.
[2022-12-22 01:20:08,403][cellpose.models][INFO] - stitching 16 planes using stitch_threshold=0.500 to make 3D masks
[2022-12-22 01:20:09,388][cellpose.models][INFO] - masks created in 89.04s
