[2022-12-22 02:15:45,697][cellpose.models][INFO] - >>>> loading model /gpfsstore/rech/jsy/uzj81mi/Mari_Models/CellPose/CP_20221121_182849
[2022-12-22 02:15:45,698][cellpose.core][INFO] - >>>> using CPU
[2022-12-22 02:15:45,970][cellpose.models][INFO] - >>>> model diam_mean =  30.000 (ROIs rescaled to this size during training)
[2022-12-22 02:15:45,970][cellpose.models][INFO] - >>>> model diam_labels =  34.611 (mean diameter of training ROIs)
[2022-12-22 02:15:46,162][cellpose.transforms][INFO] - multi-stack tiff read in as having 16 planes 1 channels
[2022-12-22 02:15:46,434][cellpose.models][INFO] - 0%|          | 0/16 [00:00<?, ?it/s]
[2022-12-22 02:15:51,622][cellpose.models][INFO] - 6%|6         | 1/16 [00:05<01:17,  5.19s/it]
[2022-12-22 02:15:56,574][cellpose.models][INFO] - 12%|#2        | 2/16 [00:10<01:10,  5.05s/it]
[2022-12-22 02:16:01,570][cellpose.models][INFO] - 19%|#8        | 3/16 [00:15<01:05,  5.02s/it]
[2022-12-22 02:16:06,575][cellpose.models][INFO] - 25%|##5       | 4/16 [00:20<01:00,  5.02s/it]
[2022-12-22 02:16:11,576][cellpose.models][INFO] - 31%|###1      | 5/16 [00:25<00:55,  5.01s/it]
[2022-12-22 02:16:16,518][cellpose.models][INFO] - 38%|###7      | 6/16 [00:30<00:49,  4.99s/it]
[2022-12-22 02:16:21,483][cellpose.models][INFO] - 44%|####3     | 7/16 [00:35<00:44,  4.98s/it]
[2022-12-22 02:16:26,494][cellpose.models][INFO] - 50%|#####     | 8/16 [00:40<00:39,  4.99s/it]
[2022-12-22 02:16:31,486][cellpose.models][INFO] - 56%|#####6    | 9/16 [00:45<00:34,  4.99s/it]
[2022-12-22 02:16:36,459][cellpose.models][INFO] - 62%|######2   | 10/16 [00:50<00:29,  4.99s/it]
[2022-12-22 02:16:41,449][cellpose.models][INFO] - 69%|######8   | 11/16 [00:55<00:24,  4.99s/it]
[2022-12-22 02:16:46,430][cellpose.models][INFO] - 75%|#######5  | 12/16 [00:59<00:19,  4.98s/it]
[2022-12-22 02:16:51,309][cellpose.models][INFO] - 81%|########1 | 13/16 [01:04<00:14,  4.95s/it]
[2022-12-22 02:16:56,179][cellpose.models][INFO] - 88%|########7 | 14/16 [01:09<00:09,  4.93s/it]
[2022-12-22 02:17:01,090][cellpose.models][INFO] - 94%|#########3| 15/16 [01:14<00:04,  4.92s/it]
[2022-12-22 02:17:05,973][cellpose.models][INFO] - 100%|##########| 16/16 [01:19<00:00,  4.91s/it]
[2022-12-22 02:17:05,973][cellpose.models][INFO] - 100%|##########| 16/16 [01:19<00:00,  4.97s/it]
[2022-12-22 02:17:05,974][cellpose.models][INFO] - network run in 79.54s
[2022-12-22 02:17:05,977][cellpose.dynamics][INFO] - No cell pixels found.
[2022-12-22 02:17:06,102][cellpose.dynamics][WARNING] - WARNING: no mask pixels found
[2022-12-22 02:17:06,103][cellpose.dynamics][INFO] - No cell pixels found.
[2022-12-22 02:18:32,728][cellpose.models][INFO] - stitching 16 planes using stitch_threshold=0.500 to make 3D masks
[2022-12-22 02:18:33,726][cellpose.models][INFO] - masks created in 87.75s
