[2022-12-22 03:06:53,722][cellpose.models][INFO] - >>>> loading model /gpfsstore/rech/jsy/uzj81mi/Mari_Models/CellPose/CP_20221121_182849
[2022-12-22 03:06:53,722][cellpose.core][INFO] - >>>> using CPU
[2022-12-22 03:06:54,002][cellpose.models][INFO] - >>>> model diam_mean =  30.000 (ROIs rescaled to this size during training)
[2022-12-22 03:06:54,002][cellpose.models][INFO] - >>>> model diam_labels =  34.611 (mean diameter of training ROIs)
[2022-12-22 03:06:54,162][cellpose.transforms][INFO] - multi-stack tiff read in as having 16 planes 1 channels
[2022-12-22 03:06:54,430][cellpose.models][INFO] - 0%|          | 0/16 [00:00<?, ?it/s]
[2022-12-22 03:06:59,678][cellpose.models][INFO] - 6%|6         | 1/16 [00:05<01:18,  5.25s/it]
[2022-12-22 03:07:04,778][cellpose.models][INFO] - 12%|#2        | 2/16 [00:10<01:12,  5.16s/it]
[2022-12-22 03:07:09,874][cellpose.models][INFO] - 19%|#8        | 3/16 [00:15<01:06,  5.13s/it]
[2022-12-22 03:07:15,135][cellpose.models][INFO] - 25%|##5       | 4/16 [00:20<01:02,  5.18s/it]
[2022-12-22 03:07:20,209][cellpose.models][INFO] - 31%|###1      | 5/16 [00:25<00:56,  5.14s/it]
[2022-12-22 03:07:25,303][cellpose.models][INFO] - 38%|###7      | 6/16 [00:30<00:51,  5.13s/it]
[2022-12-22 03:07:30,386][cellpose.models][INFO] - 44%|####3     | 7/16 [00:35<00:46,  5.11s/it]
[2022-12-22 03:07:35,487][cellpose.models][INFO] - 50%|#####     | 8/16 [00:41<00:40,  5.11s/it]
[2022-12-22 03:07:40,525][cellpose.models][INFO] - 56%|#####6    | 9/16 [00:46<00:35,  5.09s/it]
[2022-12-22 03:07:45,612][cellpose.models][INFO] - 62%|######2   | 10/16 [00:51<00:30,  5.09s/it]
[2022-12-22 03:07:50,666][cellpose.models][INFO] - 69%|######8   | 11/16 [00:56<00:25,  5.08s/it]
[2022-12-22 03:07:55,771][cellpose.models][INFO] - 75%|#######5  | 12/16 [01:01<00:20,  5.09s/it]
[2022-12-22 03:08:00,874][cellpose.models][INFO] - 81%|########1 | 13/16 [01:06<00:15,  5.09s/it]
[2022-12-22 03:08:05,977][cellpose.models][INFO] - 88%|########7 | 14/16 [01:11<00:10,  5.09s/it]
[2022-12-22 03:08:11,182][cellpose.models][INFO] - 94%|#########3| 15/16 [01:16<00:05,  5.13s/it]
[2022-12-22 03:08:16,206][cellpose.models][INFO] - 100%|##########| 16/16 [01:21<00:00,  5.10s/it]
[2022-12-22 03:08:16,206][cellpose.models][INFO] - 100%|##########| 16/16 [01:21<00:00,  5.11s/it]
[2022-12-22 03:08:16,207][cellpose.models][INFO] - network run in 81.78s
[2022-12-22 03:08:16,210][cellpose.dynamics][INFO] - No cell pixels found.
[2022-12-22 03:08:16,337][cellpose.dynamics][WARNING] - WARNING: no mask pixels found
[2022-12-22 03:08:16,337][cellpose.dynamics][INFO] - No cell pixels found.
[2022-12-22 03:09:42,797][cellpose.models][INFO] - stitching 16 planes using stitch_threshold=0.500 to make 3D masks
[2022-12-22 03:09:43,785][cellpose.models][INFO] - masks created in 87.58s
