[2022-12-22 09:22:54,973][cellpose.models][INFO] - >>>> loading model /gpfsstore/rech/jsy/uzj81mi/Mari_Models/CellPose/CP_20221121_182849
[2022-12-22 09:22:54,973][cellpose.core][INFO] - >>>> using CPU
[2022-12-22 09:22:55,344][cellpose.models][INFO] - >>>> model diam_mean =  30.000 (ROIs rescaled to this size during training)
[2022-12-22 09:22:55,344][cellpose.models][INFO] - >>>> model diam_labels =  34.611 (mean diameter of training ROIs)
[2022-12-22 09:22:55,540][cellpose.transforms][INFO] - multi-stack tiff read in as having 16 planes 1 channels
[2022-12-22 09:22:55,812][cellpose.models][INFO] - 0%|          | 0/16 [00:00<?, ?it/s]
[2022-12-22 09:23:00,867][cellpose.models][INFO] - 6%|6         | 1/16 [00:05<01:15,  5.05s/it]
[2022-12-22 09:23:05,667][cellpose.models][INFO] - 12%|#2        | 2/16 [00:09<01:08,  4.90s/it]
[2022-12-22 09:23:10,408][cellpose.models][INFO] - 19%|#8        | 3/16 [00:14<01:02,  4.83s/it]
[2022-12-22 09:23:15,151][cellpose.models][INFO] - 25%|##5       | 4/16 [00:19<00:57,  4.80s/it]
[2022-12-22 09:23:19,840][cellpose.models][INFO] - 31%|###1      | 5/16 [00:24<00:52,  4.76s/it]
[2022-12-22 09:23:24,487][cellpose.models][INFO] - 38%|###7      | 6/16 [00:28<00:47,  4.72s/it]
[2022-12-22 09:23:29,208][cellpose.models][INFO] - 44%|####3     | 7/16 [00:33<00:42,  4.72s/it]
[2022-12-22 09:23:33,946][cellpose.models][INFO] - 50%|#####     | 8/16 [00:38<00:37,  4.73s/it]
[2022-12-22 09:23:38,662][cellpose.models][INFO] - 56%|#####6    | 9/16 [00:42<00:33,  4.72s/it]
[2022-12-22 09:23:43,384][cellpose.models][INFO] - 62%|######2   | 10/16 [00:47<00:28,  4.72s/it]
[2022-12-22 09:23:48,157][cellpose.models][INFO] - 69%|######8   | 11/16 [00:52<00:23,  4.74s/it]
[2022-12-22 09:23:52,906][cellpose.models][INFO] - 75%|#######5  | 12/16 [00:57<00:18,  4.74s/it]
[2022-12-22 09:23:57,645][cellpose.models][INFO] - 81%|########1 | 13/16 [01:01<00:14,  4.74s/it]
[2022-12-22 09:24:02,399][cellpose.models][INFO] - 88%|########7 | 14/16 [01:06<00:09,  4.74s/it]
[2022-12-22 09:24:07,143][cellpose.models][INFO] - 94%|#########3| 15/16 [01:11<00:04,  4.74s/it]
[2022-12-22 09:24:11,941][cellpose.models][INFO] - 100%|##########| 16/16 [01:16<00:00,  4.76s/it]
[2022-12-22 09:24:11,941][cellpose.models][INFO] - 100%|##########| 16/16 [01:16<00:00,  4.76s/it]
[2022-12-22 09:24:11,941][cellpose.models][INFO] - network run in 76.13s
[2022-12-22 09:24:11,944][cellpose.dynamics][INFO] - No cell pixels found.
[2022-12-22 09:26:18,418][cellpose.dynamics][INFO] - No cell pixels found.
[2022-12-22 09:26:18,423][cellpose.dynamics][INFO] - No cell pixels found.
[2022-12-22 09:26:18,750][cellpose.models][INFO] - stitching 16 planes using stitch_threshold=0.500 to make 3D masks
[2022-12-22 09:26:19,818][cellpose.models][INFO] - masks created in 127.88s
