[2022-12-22 01:30:53,045][cellpose.models][INFO] - >>>> loading model /gpfsstore/rech/jsy/uzj81mi/Mari_Models/CellPose/CP_20221121_182849
[2022-12-22 01:30:53,046][cellpose.core][INFO] - >>>> using CPU
[2022-12-22 01:30:53,314][cellpose.models][INFO] - >>>> model diam_mean =  30.000 (ROIs rescaled to this size during training)
[2022-12-22 01:30:53,314][cellpose.models][INFO] - >>>> model diam_labels =  34.611 (mean diameter of training ROIs)
[2022-12-22 01:30:53,479][cellpose.transforms][INFO] - multi-stack tiff read in as having 16 planes 1 channels
[2022-12-22 01:30:53,744][cellpose.models][INFO] - 0%|          | 0/16 [00:00<?, ?it/s]
[2022-12-22 01:30:58,962][cellpose.models][INFO] - 6%|6         | 1/16 [00:05<01:18,  5.22s/it]
[2022-12-22 01:31:03,802][cellpose.models][INFO] - 12%|#2        | 2/16 [00:10<01:09,  5.00s/it]
[2022-12-22 01:31:08,562][cellpose.models][INFO] - 19%|#8        | 3/16 [00:14<01:03,  4.89s/it]
[2022-12-22 01:31:13,380][cellpose.models][INFO] - 25%|##5       | 4/16 [00:19<00:58,  4.86s/it]
[2022-12-22 01:31:18,164][cellpose.models][INFO] - 31%|###1      | 5/16 [00:24<00:53,  4.83s/it]
[2022-12-22 01:31:22,990][cellpose.models][INFO] - 38%|###7      | 6/16 [00:29<00:48,  4.83s/it]
[2022-12-22 01:31:27,757][cellpose.models][INFO] - 44%|####3     | 7/16 [00:34<00:43,  4.81s/it]
[2022-12-22 01:31:32,558][cellpose.models][INFO] - 50%|#####     | 8/16 [00:38<00:38,  4.81s/it]
[2022-12-22 01:31:37,484][cellpose.models][INFO] - 56%|#####6    | 9/16 [00:43<00:33,  4.84s/it]
[2022-12-22 01:31:42,332][cellpose.models][INFO] - 62%|######2   | 10/16 [00:48<00:29,  4.85s/it]
[2022-12-22 01:31:47,175][cellpose.models][INFO] - 69%|######8   | 11/16 [00:53<00:24,  4.84s/it]
[2022-12-22 01:31:52,022][cellpose.models][INFO] - 75%|#######5  | 12/16 [00:58<00:19,  4.85s/it]
[2022-12-22 01:31:56,918][cellpose.models][INFO] - 81%|########1 | 13/16 [01:03<00:14,  4.86s/it]
[2022-12-22 01:32:01,762][cellpose.models][INFO] - 88%|########7 | 14/16 [01:08<00:09,  4.86s/it]
[2022-12-22 01:32:06,661][cellpose.models][INFO] - 94%|#########3| 15/16 [01:12<00:04,  4.87s/it]
[2022-12-22 01:32:11,438][cellpose.models][INFO] - 100%|##########| 16/16 [01:17<00:00,  4.84s/it]
[2022-12-22 01:32:11,438][cellpose.models][INFO] - 100%|##########| 16/16 [01:17<00:00,  4.86s/it]
[2022-12-22 01:32:11,438][cellpose.models][INFO] - network run in 77.70s
[2022-12-22 01:32:11,442][cellpose.dynamics][INFO] - No cell pixels found.
[2022-12-22 01:32:11,568][cellpose.dynamics][WARNING] - WARNING: no mask pixels found
[2022-12-22 01:32:11,569][cellpose.dynamics][INFO] - No cell pixels found.
[2022-12-22 01:33:38,940][cellpose.models][INFO] - stitching 16 planes using stitch_threshold=0.500 to make 3D masks
[2022-12-22 01:33:39,939][cellpose.models][INFO] - masks created in 88.50s
