[2022-12-22 12:41:19,434][cellpose.models][INFO] - >>>> loading model /gpfsstore/rech/jsy/uzj81mi/Mari_Models/CellPose/CP_20221121_182849
[2022-12-22 12:41:19,434][cellpose.core][INFO] - >>>> using CPU
[2022-12-22 12:41:19,672][cellpose.models][INFO] - >>>> model diam_mean =  30.000 (ROIs rescaled to this size during training)
[2022-12-22 12:41:19,672][cellpose.models][INFO] - >>>> model diam_labels =  34.611 (mean diameter of training ROIs)
[2022-12-22 12:41:19,823][cellpose.transforms][INFO] - multi-stack tiff read in as having 16 planes 1 channels
[2022-12-22 12:41:20,086][cellpose.models][INFO] - 0%|          | 0/16 [00:00<?, ?it/s]
[2022-12-22 12:41:25,389][cellpose.models][INFO] - 6%|6         | 1/16 [00:05<01:19,  5.30s/it]
[2022-12-22 12:41:30,126][cellpose.models][INFO] - 12%|#2        | 2/16 [00:10<01:09,  4.97s/it]
[2022-12-22 12:41:34,855][cellpose.models][INFO] - 19%|#8        | 3/16 [00:14<01:03,  4.86s/it]
[2022-12-22 12:41:39,612][cellpose.models][INFO] - 25%|##5       | 4/16 [00:19<00:57,  4.82s/it]
[2022-12-22 12:41:44,368][cellpose.models][INFO] - 31%|###1      | 5/16 [00:24<00:52,  4.80s/it]
[2022-12-22 12:41:49,176][cellpose.models][INFO] - 38%|###7      | 6/16 [00:29<00:48,  4.80s/it]
[2022-12-22 12:41:53,887][cellpose.models][INFO] - 44%|####3     | 7/16 [00:33<00:42,  4.77s/it]
[2022-12-22 12:41:58,647][cellpose.models][INFO] - 50%|#####     | 8/16 [00:38<00:38,  4.77s/it]
[2022-12-22 12:42:03,392][cellpose.models][INFO] - 56%|#####6    | 9/16 [00:43<00:33,  4.76s/it]
[2022-12-22 12:42:08,175][cellpose.models][INFO] - 62%|######2   | 10/16 [00:48<00:28,  4.77s/it]
[2022-12-22 12:42:12,969][cellpose.models][INFO] - 69%|######8   | 11/16 [00:52<00:23,  4.78s/it]
[2022-12-22 12:42:17,757][cellpose.models][INFO] - 75%|#######5  | 12/16 [00:57<00:19,  4.78s/it]
[2022-12-22 12:42:22,562][cellpose.models][INFO] - 81%|########1 | 13/16 [01:02<00:14,  4.79s/it]
[2022-12-22 12:42:27,271][cellpose.models][INFO] - 88%|########7 | 14/16 [01:07<00:09,  4.76s/it]
[2022-12-22 12:42:32,049][cellpose.models][INFO] - 94%|#########3| 15/16 [01:11<00:04,  4.77s/it]
[2022-12-22 12:42:36,795][cellpose.models][INFO] - 100%|##########| 16/16 [01:16<00:00,  4.76s/it]
[2022-12-22 12:42:36,795][cellpose.models][INFO] - 100%|##########| 16/16 [01:16<00:00,  4.79s/it]
[2022-12-22 12:42:36,795][cellpose.models][INFO] - network run in 76.71s
[2022-12-22 12:42:36,798][cellpose.dynamics][INFO] - No cell pixels found.
[2022-12-22 12:44:41,567][cellpose.dynamics][INFO] - No cell pixels found.
[2022-12-22 12:44:41,577][cellpose.dynamics][INFO] - No cell pixels found.
[2022-12-22 12:44:41,896][cellpose.models][INFO] - stitching 16 planes using stitch_threshold=0.500 to make 3D masks
[2022-12-22 12:44:42,942][cellpose.models][INFO] - masks created in 126.15s
