[2022-12-22 12:52:34,884][cellpose.models][INFO] - >>>> loading model /gpfsstore/rech/jsy/uzj81mi/Mari_Models/CellPose/CP_20221121_182849
[2022-12-22 12:52:34,884][cellpose.core][INFO] - >>>> using CPU
[2022-12-22 12:52:35,128][cellpose.models][INFO] - >>>> model diam_mean =  30.000 (ROIs rescaled to this size during training)
[2022-12-22 12:52:35,128][cellpose.models][INFO] - >>>> model diam_labels =  34.611 (mean diameter of training ROIs)
[2022-12-22 12:52:35,348][cellpose.transforms][INFO] - multi-stack tiff read in as having 16 planes 1 channels
[2022-12-22 12:52:35,622][cellpose.models][INFO] - 0%|          | 0/16 [00:00<?, ?it/s]
[2022-12-22 12:52:41,049][cellpose.models][INFO] - 6%|6         | 1/16 [00:05<01:21,  5.43s/it]
[2022-12-22 12:52:46,216][cellpose.models][INFO] - 12%|#2        | 2/16 [00:10<01:13,  5.27s/it]
[2022-12-22 12:52:51,383][cellpose.models][INFO] - 19%|#8        | 3/16 [00:15<01:07,  5.23s/it]
[2022-12-22 12:52:56,566][cellpose.models][INFO] - 25%|##5       | 4/16 [00:20<01:02,  5.21s/it]
[2022-12-22 12:53:01,774][cellpose.models][INFO] - 31%|###1      | 5/16 [00:26<00:57,  5.21s/it]
[2022-12-22 12:53:06,880][cellpose.models][INFO] - 38%|###7      | 6/16 [00:31<00:51,  5.17s/it]
[2022-12-22 12:53:12,078][cellpose.models][INFO] - 44%|####3     | 7/16 [00:36<00:46,  5.18s/it]
[2022-12-22 12:53:17,275][cellpose.models][INFO] - 50%|#####     | 8/16 [00:41<00:41,  5.19s/it]
[2022-12-22 12:53:22,444][cellpose.models][INFO] - 56%|#####6    | 9/16 [00:46<00:36,  5.18s/it]
[2022-12-22 12:53:27,656][cellpose.models][INFO] - 62%|######2   | 10/16 [00:52<00:31,  5.19s/it]
[2022-12-22 12:53:32,865][cellpose.models][INFO] - 69%|######8   | 11/16 [00:57<00:25,  5.20s/it]
[2022-12-22 12:53:38,109][cellpose.models][INFO] - 75%|#######5  | 12/16 [01:02<00:20,  5.21s/it]
[2022-12-22 12:53:43,296][cellpose.models][INFO] - 81%|########1 | 13/16 [01:07<00:15,  5.20s/it]
[2022-12-22 12:53:48,505][cellpose.models][INFO] - 88%|########7 | 14/16 [01:12<00:10,  5.21s/it]
[2022-12-22 12:53:53,711][cellpose.models][INFO] - 94%|#########3| 15/16 [01:18<00:05,  5.21s/it]
[2022-12-22 12:53:58,887][cellpose.models][INFO] - 100%|##########| 16/16 [01:23<00:00,  5.20s/it]
[2022-12-22 12:53:58,887][cellpose.models][INFO] - 100%|##########| 16/16 [01:23<00:00,  5.20s/it]
[2022-12-22 12:53:58,888][cellpose.models][INFO] - network run in 83.27s
[2022-12-22 12:53:58,891][cellpose.dynamics][INFO] - No cell pixels found.
[2022-12-22 12:56:02,868][cellpose.dynamics][INFO] - No cell pixels found.
[2022-12-22 12:56:02,873][cellpose.dynamics][INFO] - No cell pixels found.
[2022-12-22 12:56:03,192][cellpose.models][INFO] - stitching 16 planes using stitch_threshold=0.500 to make 3D masks
[2022-12-22 12:56:04,254][cellpose.models][INFO] - masks created in 125.37s
