[2022-12-22 09:38:11,840][cellpose.models][INFO] - >>>> loading model /gpfsstore/rech/jsy/uzj81mi/Mari_Models/CellPose/CP_20221121_182849
[2022-12-22 09:38:11,841][cellpose.core][INFO] - >>>> using CPU
[2022-12-22 09:38:12,085][cellpose.models][INFO] - >>>> model diam_mean =  30.000 (ROIs rescaled to this size during training)
[2022-12-22 09:38:12,086][cellpose.models][INFO] - >>>> model diam_labels =  34.611 (mean diameter of training ROIs)
[2022-12-22 09:38:12,254][cellpose.transforms][INFO] - multi-stack tiff read in as having 16 planes 1 channels
[2022-12-22 09:38:12,517][cellpose.models][INFO] - 0%|          | 0/16 [00:00<?, ?it/s]
[2022-12-22 09:38:17,592][cellpose.models][INFO] - 6%|6         | 1/16 [00:05<01:16,  5.07s/it]
[2022-12-22 09:38:22,416][cellpose.models][INFO] - 12%|#2        | 2/16 [00:09<01:08,  4.93s/it]
[2022-12-22 09:38:27,321][cellpose.models][INFO] - 19%|#8        | 3/16 [00:14<01:03,  4.92s/it]
[2022-12-22 09:38:32,388][cellpose.models][INFO] - 25%|##5       | 4/16 [00:19<00:59,  4.98s/it]
[2022-12-22 09:38:37,350][cellpose.models][INFO] - 31%|###1      | 5/16 [00:24<00:54,  4.97s/it]
[2022-12-22 09:38:42,284][cellpose.models][INFO] - 38%|###7      | 6/16 [00:29<00:49,  4.96s/it]
[2022-12-22 09:38:47,373][cellpose.models][INFO] - 44%|####3     | 7/16 [00:34<00:45,  5.00s/it]
[2022-12-22 09:38:52,496][cellpose.models][INFO] - 50%|#####     | 8/16 [00:39<00:40,  5.04s/it]
[2022-12-22 09:38:57,597][cellpose.models][INFO] - 56%|#####6    | 9/16 [00:45<00:35,  5.06s/it]
[2022-12-22 09:39:02,683][cellpose.models][INFO] - 62%|######2   | 10/16 [00:50<00:30,  5.07s/it]
[2022-12-22 09:39:07,751][cellpose.models][INFO] - 69%|######8   | 11/16 [00:55<00:25,  5.07s/it]
[2022-12-22 09:39:12,798][cellpose.models][INFO] - 75%|#######5  | 12/16 [01:00<00:20,  5.06s/it]
[2022-12-22 09:39:17,835][cellpose.models][INFO] - 81%|########1 | 13/16 [01:05<00:15,  5.05s/it]
[2022-12-22 09:39:22,808][cellpose.models][INFO] - 88%|########7 | 14/16 [01:10<00:10,  5.03s/it]
[2022-12-22 09:39:27,938][cellpose.models][INFO] - 94%|#########3| 15/16 [01:15<00:05,  5.06s/it]
[2022-12-22 09:39:33,109][cellpose.models][INFO] - 100%|##########| 16/16 [01:20<00:00,  5.09s/it]
[2022-12-22 09:39:33,110][cellpose.models][INFO] - 100%|##########| 16/16 [01:20<00:00,  5.04s/it]
[2022-12-22 09:39:33,110][cellpose.models][INFO] - network run in 80.59s
[2022-12-22 09:39:33,113][cellpose.dynamics][INFO] - No cell pixels found.
[2022-12-22 09:41:17,154][cellpose.dynamics][INFO] - No cell pixels found.
[2022-12-22 09:41:17,164][cellpose.dynamics][INFO] - No cell pixels found.
[2022-12-22 09:41:17,491][cellpose.models][INFO] - stitching 16 planes using stitch_threshold=0.500 to make 3D masks
[2022-12-22 09:41:18,653][cellpose.models][INFO] - masks created in 105.54s
