[2022-12-22 03:31:00,978][cellpose.models][INFO] - >>>> loading model /gpfsstore/rech/jsy/uzj81mi/Mari_Models/CellPose/CP_20221121_182849
[2022-12-22 03:31:00,979][cellpose.core][INFO] - >>>> using CPU
[2022-12-22 03:31:01,311][cellpose.models][INFO] - >>>> model diam_mean =  30.000 (ROIs rescaled to this size during training)
[2022-12-22 03:31:01,311][cellpose.models][INFO] - >>>> model diam_labels =  34.611 (mean diameter of training ROIs)
[2022-12-22 03:31:01,487][cellpose.transforms][INFO] - multi-stack tiff read in as having 16 planes 1 channels
[2022-12-22 03:31:01,755][cellpose.models][INFO] - 0%|          | 0/16 [00:00<?, ?it/s]
[2022-12-22 03:31:06,831][cellpose.models][INFO] - 6%|6         | 1/16 [00:05<01:16,  5.08s/it]
[2022-12-22 03:31:11,563][cellpose.models][INFO] - 12%|#2        | 2/16 [00:09<01:08,  4.87s/it]
[2022-12-22 03:31:16,383][cellpose.models][INFO] - 19%|#8        | 3/16 [00:14<01:03,  4.85s/it]
[2022-12-22 03:31:21,169][cellpose.models][INFO] - 25%|##5       | 4/16 [00:19<00:57,  4.82s/it]
[2022-12-22 03:31:25,933][cellpose.models][INFO] - 31%|###1      | 5/16 [00:24<00:52,  4.80s/it]
[2022-12-22 03:31:30,706][cellpose.models][INFO] - 38%|###7      | 6/16 [00:28<00:47,  4.79s/it]
[2022-12-22 03:31:35,457][cellpose.models][INFO] - 44%|####3     | 7/16 [00:33<00:43,  4.78s/it]
[2022-12-22 03:31:40,229][cellpose.models][INFO] - 50%|#####     | 8/16 [00:38<00:38,  4.78s/it]
[2022-12-22 03:31:45,025][cellpose.models][INFO] - 56%|#####6    | 9/16 [00:43<00:33,  4.78s/it]
[2022-12-22 03:31:49,766][cellpose.models][INFO] - 62%|######2   | 10/16 [00:48<00:28,  4.77s/it]
[2022-12-22 03:31:54,594][cellpose.models][INFO] - 69%|######8   | 11/16 [00:52<00:23,  4.79s/it]
[2022-12-22 03:31:59,419][cellpose.models][INFO] - 75%|#######5  | 12/16 [00:57<00:19,  4.80s/it]
[2022-12-22 03:32:04,226][cellpose.models][INFO] - 81%|########1 | 13/16 [01:02<00:14,  4.80s/it]
[2022-12-22 03:32:08,988][cellpose.models][INFO] - 88%|########7 | 14/16 [01:07<00:09,  4.79s/it]
[2022-12-22 03:32:13,777][cellpose.models][INFO] - 94%|#########3| 15/16 [01:12<00:04,  4.79s/it]
[2022-12-22 03:32:18,518][cellpose.models][INFO] - 100%|##########| 16/16 [01:16<00:00,  4.77s/it]
[2022-12-22 03:32:18,519][cellpose.models][INFO] - 100%|##########| 16/16 [01:16<00:00,  4.80s/it]
[2022-12-22 03:32:18,519][cellpose.models][INFO] - network run in 76.77s
[2022-12-22 03:32:18,522][cellpose.dynamics][INFO] - No cell pixels found.
[2022-12-22 03:34:22,358][cellpose.dynamics][INFO] - No cell pixels found.
[2022-12-22 03:34:22,363][cellpose.dynamics][INFO] - No cell pixels found.
[2022-12-22 03:34:22,681][cellpose.models][INFO] - stitching 16 planes using stitch_threshold=0.500 to make 3D masks
[2022-12-22 03:34:23,733][cellpose.models][INFO] - masks created in 125.21s
