[2022-12-22 12:29:32,883][cellpose.models][INFO] - >>>> loading model /gpfsstore/rech/jsy/uzj81mi/Mari_Models/CellPose/CP_20221121_182849
[2022-12-22 12:29:32,883][cellpose.core][INFO] - >>>> using CPU
[2022-12-22 12:29:33,201][cellpose.models][INFO] - >>>> model diam_mean =  30.000 (ROIs rescaled to this size during training)
[2022-12-22 12:29:33,202][cellpose.models][INFO] - >>>> model diam_labels =  34.611 (mean diameter of training ROIs)
[2022-12-22 12:29:33,360][cellpose.transforms][INFO] - multi-stack tiff read in as having 16 planes 1 channels
[2022-12-22 12:29:33,626][cellpose.models][INFO] - 0%|          | 0/16 [00:00<?, ?it/s]
[2022-12-22 12:29:40,266][cellpose.models][INFO] - 6%|6         | 1/16 [00:06<01:39,  6.64s/it]
[2022-12-22 12:29:48,381][cellpose.models][INFO] - 12%|#2        | 2/16 [00:14<01:45,  7.51s/it]
[2022-12-22 12:29:54,159][cellpose.models][INFO] - 19%|#8        | 3/16 [00:20<01:27,  6.72s/it]
[2022-12-22 12:29:59,241][cellpose.models][INFO] - 25%|##5       | 4/16 [00:25<01:12,  6.07s/it]
[2022-12-22 12:30:04,380][cellpose.models][INFO] - 31%|###1      | 5/16 [00:30<01:03,  5.74s/it]
[2022-12-22 12:30:09,483][cellpose.models][INFO] - 38%|###7      | 6/16 [00:35<00:55,  5.52s/it]
[2022-12-22 12:30:17,579][cellpose.models][INFO] - 44%|####3     | 7/16 [00:43<00:57,  6.36s/it]
[2022-12-22 12:30:23,206][cellpose.models][INFO] - 50%|#####     | 8/16 [00:49<00:49,  6.13s/it]
[2022-12-22 12:30:28,329][cellpose.models][INFO] - 56%|#####6    | 9/16 [00:54<00:40,  5.81s/it]
[2022-12-22 12:30:33,609][cellpose.models][INFO] - 62%|######2   | 10/16 [00:59<00:33,  5.65s/it]
[2022-12-22 12:30:38,610][cellpose.models][INFO] - 69%|######8   | 11/16 [01:04<00:27,  5.45s/it]
[2022-12-22 12:30:43,621][cellpose.models][INFO] - 75%|#######5  | 12/16 [01:09<00:21,  5.32s/it]
[2022-12-22 12:30:48,772][cellpose.models][INFO] - 81%|########1 | 13/16 [01:15<00:15,  5.27s/it]
[2022-12-22 12:30:53,752][cellpose.models][INFO] - 88%|########7 | 14/16 [01:20<00:10,  5.18s/it]
[2022-12-22 12:30:58,663][cellpose.models][INFO] - 94%|#########3| 15/16 [01:25<00:05,  5.10s/it]
[2022-12-22 12:31:03,608][cellpose.models][INFO] - 100%|##########| 16/16 [01:29<00:00,  5.05s/it]
[2022-12-22 12:31:03,609][cellpose.models][INFO] - 100%|##########| 16/16 [01:29<00:00,  5.62s/it]
[2022-12-22 12:31:03,609][cellpose.models][INFO] - network run in 89.98s
[2022-12-22 12:31:03,613][cellpose.dynamics][INFO] - No cell pixels found.
[2022-12-22 12:33:07,731][cellpose.dynamics][INFO] - No cell pixels found.
[2022-12-22 12:33:07,741][cellpose.dynamics][INFO] - No cell pixels found.
[2022-12-22 12:33:08,065][cellpose.models][INFO] - stitching 16 planes using stitch_threshold=0.500 to make 3D masks
[2022-12-22 12:33:09,129][cellpose.models][INFO] - masks created in 125.52s
