[2022-12-22 10:17:02,752][cellpose.models][INFO] - >>>> loading model /gpfsstore/rech/jsy/uzj81mi/Mari_Models/CellPose/CP_20221121_182849
[2022-12-22 10:17:02,752][cellpose.core][INFO] - >>>> using CPU
[2022-12-22 10:17:03,007][cellpose.models][INFO] - >>>> model diam_mean =  30.000 (ROIs rescaled to this size during training)
[2022-12-22 10:17:03,007][cellpose.models][INFO] - >>>> model diam_labels =  34.611 (mean diameter of training ROIs)
[2022-12-22 10:17:03,174][cellpose.transforms][INFO] - multi-stack tiff read in as having 16 planes 1 channels
[2022-12-22 10:17:03,443][cellpose.models][INFO] - 0%|          | 0/16 [00:00<?, ?it/s]
[2022-12-22 10:17:08,863][cellpose.models][INFO] - 6%|6         | 1/16 [00:05<01:21,  5.42s/it]
[2022-12-22 10:17:13,781][cellpose.models][INFO] - 12%|#2        | 2/16 [00:10<01:11,  5.12s/it]
[2022-12-22 10:17:18,797][cellpose.models][INFO] - 19%|#8        | 3/16 [00:15<01:05,  5.08s/it]
[2022-12-22 10:17:23,759][cellpose.models][INFO] - 25%|##5       | 4/16 [00:20<01:00,  5.03s/it]
[2022-12-22 10:17:28,733][cellpose.models][INFO] - 31%|###1      | 5/16 [00:25<00:55,  5.01s/it]
[2022-12-22 10:17:33,769][cellpose.models][INFO] - 38%|###7      | 6/16 [00:30<00:50,  5.02s/it]
[2022-12-22 10:17:38,849][cellpose.models][INFO] - 44%|####3     | 7/16 [00:35<00:45,  5.04s/it]
[2022-12-22 10:17:44,095][cellpose.models][INFO] - 50%|#####     | 8/16 [00:40<00:40,  5.10s/it]
[2022-12-22 10:17:49,303][cellpose.models][INFO] - 56%|#####6    | 9/16 [00:45<00:35,  5.14s/it]
[2022-12-22 10:17:54,390][cellpose.models][INFO] - 62%|######2   | 10/16 [00:50<00:30,  5.12s/it]
[2022-12-22 10:17:59,409][cellpose.models][INFO] - 69%|######8   | 11/16 [00:55<00:25,  5.09s/it]
[2022-12-22 10:18:04,491][cellpose.models][INFO] - 75%|#######5  | 12/16 [01:01<00:20,  5.09s/it]
[2022-12-22 10:18:09,553][cellpose.models][INFO] - 81%|########1 | 13/16 [01:06<00:15,  5.08s/it]
[2022-12-22 10:18:14,658][cellpose.models][INFO] - 88%|########7 | 14/16 [01:11<00:10,  5.09s/it]
[2022-12-22 10:18:19,674][cellpose.models][INFO] - 94%|#########3| 15/16 [01:16<00:05,  5.07s/it]
[2022-12-22 10:18:24,702][cellpose.models][INFO] - 100%|##########| 16/16 [01:21<00:00,  5.05s/it]
[2022-12-22 10:18:24,703][cellpose.models][INFO] - 100%|##########| 16/16 [01:21<00:00,  5.08s/it]
[2022-12-22 10:18:24,703][cellpose.models][INFO] - network run in 81.26s
[2022-12-22 10:18:24,706][cellpose.dynamics][INFO] - No cell pixels found.
[2022-12-22 10:20:28,368][cellpose.dynamics][INFO] - No cell pixels found.
[2022-12-22 10:20:28,378][cellpose.dynamics][INFO] - No cell pixels found.
[2022-12-22 10:20:28,695][cellpose.models][INFO] - stitching 16 planes using stitch_threshold=0.500 to make 3D masks
[2022-12-22 10:20:29,754][cellpose.models][INFO] - masks created in 125.05s
