[2022-12-22 09:02:08,900][cellpose.models][INFO] - >>>> loading model /gpfsstore/rech/jsy/uzj81mi/Mari_Models/CellPose/CP_20221121_182849
[2022-12-22 09:02:08,900][cellpose.core][INFO] - >>>> using CPU
[2022-12-22 09:02:09,173][cellpose.models][INFO] - >>>> model diam_mean =  30.000 (ROIs rescaled to this size during training)
[2022-12-22 09:02:09,173][cellpose.models][INFO] - >>>> model diam_labels =  34.611 (mean diameter of training ROIs)
[2022-12-22 09:02:09,345][cellpose.transforms][INFO] - multi-stack tiff read in as having 16 planes 1 channels
[2022-12-22 09:02:09,610][cellpose.models][INFO] - 0%|          | 0/16 [00:00<?, ?it/s]
[2022-12-22 09:02:14,731][cellpose.models][INFO] - 6%|6         | 1/16 [00:05<01:16,  5.12s/it]
[2022-12-22 09:02:19,668][cellpose.models][INFO] - 12%|#2        | 2/16 [00:10<01:10,  5.01s/it]
[2022-12-22 09:02:24,615][cellpose.models][INFO] - 19%|#8        | 3/16 [00:15<01:04,  4.98s/it]
[2022-12-22 09:02:29,566][cellpose.models][INFO] - 25%|##5       | 4/16 [00:19<00:59,  4.97s/it]
[2022-12-22 09:02:34,543][cellpose.models][INFO] - 31%|###1      | 5/16 [00:24<00:54,  4.97s/it]
[2022-12-22 09:02:39,493][cellpose.models][INFO] - 38%|###7      | 6/16 [00:29<00:49,  4.96s/it]
[2022-12-22 09:02:44,517][cellpose.models][INFO] - 44%|####3     | 7/16 [00:34<00:44,  4.98s/it]
[2022-12-22 09:02:49,517][cellpose.models][INFO] - 50%|#####     | 8/16 [00:39<00:39,  4.99s/it]
[2022-12-22 09:02:54,542][cellpose.models][INFO] - 56%|#####6    | 9/16 [00:44<00:35,  5.00s/it]
[2022-12-22 09:02:59,562][cellpose.models][INFO] - 62%|######2   | 10/16 [00:49<00:30,  5.01s/it]
[2022-12-22 09:03:04,742][cellpose.models][INFO] - 69%|######8   | 11/16 [00:55<00:25,  5.06s/it]
[2022-12-22 09:03:09,768][cellpose.models][INFO] - 75%|#######5  | 12/16 [01:00<00:20,  5.05s/it]
[2022-12-22 09:03:14,803][cellpose.models][INFO] - 81%|########1 | 13/16 [01:05<00:15,  5.04s/it]
[2022-12-22 09:03:19,853][cellpose.models][INFO] - 88%|########7 | 14/16 [01:10<00:10,  5.05s/it]
[2022-12-22 09:03:24,887][cellpose.models][INFO] - 94%|#########3| 15/16 [01:15<00:05,  5.04s/it]
[2022-12-22 09:03:29,919][cellpose.models][INFO] - 100%|##########| 16/16 [01:20<00:00,  5.04s/it]
[2022-12-22 09:03:29,919][cellpose.models][INFO] - 100%|##########| 16/16 [01:20<00:00,  5.02s/it]
[2022-12-22 09:03:29,919][cellpose.models][INFO] - network run in 80.31s
[2022-12-22 09:03:29,923][cellpose.dynamics][INFO] - No cell pixels found.
[2022-12-22 09:05:33,289][cellpose.dynamics][INFO] - No cell pixels found.
[2022-12-22 09:05:33,292][cellpose.dynamics][INFO] - No cell pixels found.
[2022-12-22 09:05:33,608][cellpose.models][INFO] - stitching 16 planes using stitch_threshold=0.500 to make 3D masks
[2022-12-22 09:05:34,662][cellpose.models][INFO] - masks created in 124.74s
