[2022-12-22 09:51:03,702][cellpose.models][INFO] - >>>> loading model /gpfsstore/rech/jsy/uzj81mi/Mari_Models/CellPose/CP_20221121_182849
[2022-12-22 09:51:03,702][cellpose.core][INFO] - >>>> using CPU
[2022-12-22 09:51:03,949][cellpose.models][INFO] - >>>> model diam_mean =  30.000 (ROIs rescaled to this size during training)
[2022-12-22 09:51:03,950][cellpose.models][INFO] - >>>> model diam_labels =  34.611 (mean diameter of training ROIs)
[2022-12-22 09:51:04,118][cellpose.transforms][INFO] - multi-stack tiff read in as having 16 planes 1 channels
[2022-12-22 09:51:04,388][cellpose.models][INFO] - 0%|          | 0/16 [00:00<?, ?it/s]
[2022-12-22 09:51:09,502][cellpose.models][INFO] - 6%|6         | 1/16 [00:05<01:16,  5.11s/it]
[2022-12-22 09:51:14,328][cellpose.models][INFO] - 12%|#2        | 2/16 [00:09<01:09,  4.94s/it]
[2022-12-22 09:51:19,122][cellpose.models][INFO] - 19%|#8        | 3/16 [00:14<01:03,  4.88s/it]
[2022-12-22 09:51:23,920][cellpose.models][INFO] - 25%|##5       | 4/16 [00:19<00:58,  4.85s/it]
[2022-12-22 09:51:28,756][cellpose.models][INFO] - 31%|###1      | 5/16 [00:24<00:53,  4.84s/it]
[2022-12-22 09:51:33,595][cellpose.models][INFO] - 38%|###7      | 6/16 [00:29<00:48,  4.84s/it]
[2022-12-22 09:51:38,415][cellpose.models][INFO] - 44%|####3     | 7/16 [00:34<00:43,  4.83s/it]
[2022-12-22 09:51:43,257][cellpose.models][INFO] - 50%|#####     | 8/16 [00:38<00:38,  4.84s/it]
[2022-12-22 09:51:48,086][cellpose.models][INFO] - 56%|#####6    | 9/16 [00:43<00:33,  4.83s/it]
[2022-12-22 09:51:52,911][cellpose.models][INFO] - 62%|######2   | 10/16 [00:48<00:28,  4.83s/it]
[2022-12-22 09:51:57,721][cellpose.models][INFO] - 69%|######8   | 11/16 [00:53<00:24,  4.82s/it]
[2022-12-22 09:52:02,560][cellpose.models][INFO] - 75%|#######5  | 12/16 [00:58<00:19,  4.83s/it]
[2022-12-22 09:52:07,370][cellpose.models][INFO] - 81%|########1 | 13/16 [01:02<00:14,  4.82s/it]
[2022-12-22 09:52:12,194][cellpose.models][INFO] - 88%|########7 | 14/16 [01:07<00:09,  4.82s/it]
[2022-12-22 09:52:16,947][cellpose.models][INFO] - 94%|#########3| 15/16 [01:12<00:04,  4.80s/it]
[2022-12-22 09:52:21,624][cellpose.models][INFO] - 100%|##########| 16/16 [01:17<00:00,  4.76s/it]
[2022-12-22 09:52:21,625][cellpose.models][INFO] - 100%|##########| 16/16 [01:17<00:00,  4.83s/it]
[2022-12-22 09:52:21,625][cellpose.models][INFO] - network run in 77.24s
[2022-12-22 09:52:21,628][cellpose.dynamics][INFO] - No cell pixels found.
[2022-12-22 09:54:04,171][cellpose.dynamics][INFO] - No cell pixels found.
[2022-12-22 09:54:04,180][cellpose.dynamics][INFO] - No cell pixels found.
[2022-12-22 09:54:04,509][cellpose.models][INFO] - stitching 16 planes using stitch_threshold=0.500 to make 3D masks
[2022-12-22 09:54:05,668][cellpose.models][INFO] - masks created in 104.04s
