[2022-12-22 00:31:00,250][cellpose.models][INFO] - >>>> loading model /gpfsstore/rech/jsy/uzj81mi/Mari_Models/CellPose/CP_20221121_182849
[2022-12-22 00:31:00,250][cellpose.core][INFO] - >>>> using CPU
[2022-12-22 00:31:00,512][cellpose.models][INFO] - >>>> model diam_mean =  30.000 (ROIs rescaled to this size during training)
[2022-12-22 00:31:00,512][cellpose.models][INFO] - >>>> model diam_labels =  34.611 (mean diameter of training ROIs)
[2022-12-22 00:31:00,671][cellpose.transforms][INFO] - multi-stack tiff read in as having 16 planes 1 channels
[2022-12-22 00:31:00,933][cellpose.models][INFO] - 0%|          | 0/16 [00:00<?, ?it/s]
[2022-12-22 00:31:06,050][cellpose.models][INFO] - 6%|6         | 1/16 [00:05<01:16,  5.12s/it]
[2022-12-22 00:31:11,048][cellpose.models][INFO] - 12%|#2        | 2/16 [00:10<01:10,  5.05s/it]
[2022-12-22 00:31:16,046][cellpose.models][INFO] - 19%|#8        | 3/16 [00:15<01:05,  5.02s/it]
[2022-12-22 00:31:21,068][cellpose.models][INFO] - 25%|##5       | 4/16 [00:20<01:00,  5.02s/it]
[2022-12-22 00:31:26,050][cellpose.models][INFO] - 31%|###1      | 5/16 [00:25<00:55,  5.01s/it]
[2022-12-22 00:31:31,056][cellpose.models][INFO] - 38%|###7      | 6/16 [00:30<00:50,  5.01s/it]
[2022-12-22 00:31:36,053][cellpose.models][INFO] - 44%|####3     | 7/16 [00:35<00:45,  5.00s/it]
[2022-12-22 00:31:41,054][cellpose.models][INFO] - 50%|#####     | 8/16 [00:40<00:40,  5.00s/it]
[2022-12-22 00:31:46,061][cellpose.models][INFO] - 56%|#####6    | 9/16 [00:45<00:35,  5.00s/it]
[2022-12-22 00:31:51,090][cellpose.models][INFO] - 62%|######2   | 10/16 [00:50<00:30,  5.01s/it]
[2022-12-22 00:31:56,112][cellpose.models][INFO] - 69%|######8   | 11/16 [00:55<00:25,  5.02s/it]
[2022-12-22 00:32:01,143][cellpose.models][INFO] - 75%|#######5  | 12/16 [01:00<00:20,  5.02s/it]
[2022-12-22 00:32:06,158][cellpose.models][INFO] - 81%|########1 | 13/16 [01:05<00:15,  5.02s/it]
[2022-12-22 00:32:11,181][cellpose.models][INFO] - 88%|########7 | 14/16 [01:10<00:10,  5.02s/it]
[2022-12-22 00:32:16,164][cellpose.models][INFO] - 94%|#########3| 15/16 [01:15<00:05,  5.01s/it]
[2022-12-22 00:32:21,165][cellpose.models][INFO] - 100%|##########| 16/16 [01:20<00:00,  5.01s/it]
[2022-12-22 00:32:21,165][cellpose.models][INFO] - 100%|##########| 16/16 [01:20<00:00,  5.01s/it]
[2022-12-22 00:32:21,165][cellpose.models][INFO] - network run in 80.23s
[2022-12-22 00:32:21,168][cellpose.dynamics][INFO] - No cell pixels found.
[2022-12-22 00:32:21,288][cellpose.dynamics][WARNING] - WARNING: no mask pixels found
[2022-12-22 00:32:21,288][cellpose.dynamics][INFO] - No cell pixels found.
[2022-12-22 00:33:45,343][cellpose.models][INFO] - stitching 16 planes using stitch_threshold=0.500 to make 3D masks
[2022-12-22 00:33:46,318][cellpose.models][INFO] - masks created in 85.15s
