[2022-12-22 09:17:19,337][cellpose.models][INFO] - >>>> loading model /gpfsstore/rech/jsy/uzj81mi/Mari_Models/CellPose/CP_20221121_182849
[2022-12-22 09:17:19,337][cellpose.core][INFO] - >>>> using CPU
[2022-12-22 09:17:19,605][cellpose.models][INFO] - >>>> model diam_mean =  30.000 (ROIs rescaled to this size during training)
[2022-12-22 09:17:19,605][cellpose.models][INFO] - >>>> model diam_labels =  34.611 (mean diameter of training ROIs)
[2022-12-22 09:17:19,779][cellpose.transforms][INFO] - multi-stack tiff read in as having 16 planes 1 channels
[2022-12-22 09:17:20,050][cellpose.models][INFO] - 0%|          | 0/16 [00:00<?, ?it/s]
[2022-12-22 09:17:24,826][cellpose.models][INFO] - 6%|6         | 1/16 [00:04<01:11,  4.78s/it]
[2022-12-22 09:17:29,756][cellpose.models][INFO] - 12%|#2        | 2/16 [00:09<01:08,  4.87s/it]
[2022-12-22 09:17:34,695][cellpose.models][INFO] - 19%|#8        | 3/16 [00:14<01:03,  4.90s/it]
[2022-12-22 09:17:39,608][cellpose.models][INFO] - 25%|##5       | 4/16 [00:19<00:58,  4.90s/it]
[2022-12-22 09:17:44,556][cellpose.models][INFO] - 31%|###1      | 5/16 [00:24<00:54,  4.92s/it]
[2022-12-22 09:17:49,420][cellpose.models][INFO] - 38%|###7      | 6/16 [00:29<00:49,  4.90s/it]
[2022-12-22 09:17:54,373][cellpose.models][INFO] - 44%|####3     | 7/16 [00:34<00:44,  4.92s/it]
[2022-12-22 09:17:59,277][cellpose.models][INFO] - 50%|#####     | 8/16 [00:39<00:39,  4.91s/it]
[2022-12-22 09:18:04,188][cellpose.models][INFO] - 56%|#####6    | 9/16 [00:44<00:34,  4.91s/it]
[2022-12-22 09:18:09,081][cellpose.models][INFO] - 62%|######2   | 10/16 [00:49<00:29,  4.91s/it]
[2022-12-22 09:18:13,970][cellpose.models][INFO] - 69%|######8   | 11/16 [00:53<00:24,  4.90s/it]
[2022-12-22 09:18:18,845][cellpose.models][INFO] - 75%|#######5  | 12/16 [00:58<00:19,  4.89s/it]
[2022-12-22 09:18:23,731][cellpose.models][INFO] - 81%|########1 | 13/16 [01:03<00:14,  4.89s/it]
[2022-12-22 09:18:28,580][cellpose.models][INFO] - 88%|########7 | 14/16 [01:08<00:09,  4.88s/it]
[2022-12-22 09:18:33,419][cellpose.models][INFO] - 94%|#########3| 15/16 [01:13<00:04,  4.87s/it]
[2022-12-22 09:18:38,339][cellpose.models][INFO] - 100%|##########| 16/16 [01:18<00:00,  4.88s/it]
[2022-12-22 09:18:38,339][cellpose.models][INFO] - 100%|##########| 16/16 [01:18<00:00,  4.89s/it]
[2022-12-22 09:18:38,339][cellpose.models][INFO] - network run in 78.29s
[2022-12-22 09:18:38,343][cellpose.dynamics][INFO] - No cell pixels found.
[2022-12-22 09:20:12,313][cellpose.dynamics][INFO] - No cell pixels found.
[2022-12-22 09:20:12,323][cellpose.dynamics][INFO] - No cell pixels found.
[2022-12-22 09:20:12,647][cellpose.models][INFO] - stitching 16 planes using stitch_threshold=0.500 to make 3D masks
[2022-12-22 09:20:13,800][cellpose.models][INFO] - masks created in 95.46s
