[2022-12-22 02:01:33,025][cellpose.models][INFO] - >>>> loading model /gpfsstore/rech/jsy/uzj81mi/Mari_Models/CellPose/CP_20221121_182849
[2022-12-22 02:01:33,025][cellpose.core][INFO] - >>>> using CPU
[2022-12-22 02:01:33,425][cellpose.models][INFO] - >>>> model diam_mean =  30.000 (ROIs rescaled to this size during training)
[2022-12-22 02:01:33,425][cellpose.models][INFO] - >>>> model diam_labels =  34.611 (mean diameter of training ROIs)
[2022-12-22 02:01:33,617][cellpose.transforms][INFO] - multi-stack tiff read in as having 16 planes 1 channels
[2022-12-22 02:01:33,890][cellpose.models][INFO] - 0%|          | 0/16 [00:00<?, ?it/s]
[2022-12-22 02:01:39,277][cellpose.models][INFO] - 6%|6         | 1/16 [00:05<01:20,  5.39s/it]
[2022-12-22 02:01:44,340][cellpose.models][INFO] - 12%|#2        | 2/16 [00:10<01:12,  5.20s/it]
[2022-12-22 02:01:49,421][cellpose.models][INFO] - 19%|#8        | 3/16 [00:15<01:06,  5.14s/it]
[2022-12-22 02:01:54,524][cellpose.models][INFO] - 25%|##5       | 4/16 [00:20<01:01,  5.13s/it]
[2022-12-22 02:01:59,627][cellpose.models][INFO] - 31%|###1      | 5/16 [00:25<00:56,  5.12s/it]
[2022-12-22 02:02:04,668][cellpose.models][INFO] - 38%|###7      | 6/16 [00:30<00:50,  5.09s/it]
[2022-12-22 02:02:09,816][cellpose.models][INFO] - 44%|####3     | 7/16 [00:35<00:45,  5.11s/it]
[2022-12-22 02:02:14,891][cellpose.models][INFO] - 50%|#####     | 8/16 [00:41<00:40,  5.10s/it]
[2022-12-22 02:02:19,973][cellpose.models][INFO] - 56%|#####6    | 9/16 [00:46<00:35,  5.09s/it]
[2022-12-22 02:02:25,011][cellpose.models][INFO] - 62%|######2   | 10/16 [00:51<00:30,  5.08s/it]
[2022-12-22 02:02:30,095][cellpose.models][INFO] - 69%|######8   | 11/16 [00:56<00:25,  5.08s/it]
[2022-12-22 02:02:35,142][cellpose.models][INFO] - 75%|#######5  | 12/16 [01:01<00:20,  5.07s/it]
[2022-12-22 02:02:40,224][cellpose.models][INFO] - 81%|########1 | 13/16 [01:06<00:15,  5.07s/it]
[2022-12-22 02:02:45,293][cellpose.models][INFO] - 88%|########7 | 14/16 [01:11<00:10,  5.07s/it]
[2022-12-22 02:02:50,368][cellpose.models][INFO] - 94%|#########3| 15/16 [01:16<00:05,  5.07s/it]
[2022-12-22 02:02:55,428][cellpose.models][INFO] - 100%|##########| 16/16 [01:21<00:00,  5.07s/it]
[2022-12-22 02:02:55,428][cellpose.models][INFO] - 100%|##########| 16/16 [01:21<00:00,  5.10s/it]
[2022-12-22 02:02:55,428][cellpose.models][INFO] - network run in 81.54s
[2022-12-22 02:02:55,431][cellpose.dynamics][INFO] - No cell pixels found.
[2022-12-22 02:02:55,553][cellpose.dynamics][WARNING] - WARNING: no mask pixels found
[2022-12-22 02:02:55,553][cellpose.dynamics][INFO] - No cell pixels found.
[2022-12-22 02:04:22,275][cellpose.models][INFO] - stitching 16 planes using stitch_threshold=0.500 to make 3D masks
[2022-12-22 02:04:23,257][cellpose.models][INFO] - masks created in 87.83s
