[2022-12-22 11:41:01,805][cellpose.models][INFO] - >>>> loading model /gpfsstore/rech/jsy/uzj81mi/Mari_Models/CellPose/CP_20221121_182849
[2022-12-22 11:41:01,806][cellpose.core][INFO] - >>>> using CPU
[2022-12-22 11:41:02,228][cellpose.models][INFO] - >>>> model diam_mean =  30.000 (ROIs rescaled to this size during training)
[2022-12-22 11:41:02,228][cellpose.models][INFO] - >>>> model diam_labels =  34.611 (mean diameter of training ROIs)
[2022-12-22 11:41:02,441][cellpose.transforms][INFO] - multi-stack tiff read in as having 16 planes 1 channels
[2022-12-22 11:41:02,712][cellpose.models][INFO] - 0%|          | 0/16 [00:00<?, ?it/s]
[2022-12-22 11:41:08,042][cellpose.models][INFO] - 6%|6         | 1/16 [00:05<01:19,  5.33s/it]
[2022-12-22 11:41:13,046][cellpose.models][INFO] - 12%|#2        | 2/16 [00:10<01:11,  5.14s/it]
[2022-12-22 11:41:19,055][cellpose.models][INFO] - 19%|#8        | 3/16 [00:16<01:11,  5.54s/it]
[2022-12-22 11:41:24,624][cellpose.models][INFO] - 25%|##5       | 4/16 [00:21<01:06,  5.55s/it]
[2022-12-22 11:41:29,667][cellpose.models][INFO] - 31%|###1      | 5/16 [00:26<00:59,  5.37s/it]
[2022-12-22 11:41:34,853][cellpose.models][INFO] - 38%|###7      | 6/16 [00:32<00:53,  5.31s/it]
[2022-12-22 11:41:40,021][cellpose.models][INFO] - 44%|####3     | 7/16 [00:37<00:47,  5.26s/it]
[2022-12-22 11:41:45,263][cellpose.models][INFO] - 50%|#####     | 8/16 [00:42<00:42,  5.25s/it]
[2022-12-22 11:41:50,608][cellpose.models][INFO] - 56%|#####6    | 9/16 [00:47<00:36,  5.28s/it]
[2022-12-22 11:41:55,715][cellpose.models][INFO] - 62%|######2   | 10/16 [00:53<00:31,  5.23s/it]
[2022-12-22 11:42:00,625][cellpose.models][INFO] - 69%|######8   | 11/16 [00:57<00:25,  5.13s/it]
[2022-12-22 11:42:05,425][cellpose.models][INFO] - 75%|#######5  | 12/16 [01:02<00:20,  5.03s/it]
[2022-12-22 11:42:10,229][cellpose.models][INFO] - 81%|########1 | 13/16 [01:07<00:14,  4.96s/it]
[2022-12-22 11:42:15,012][cellpose.models][INFO] - 88%|########7 | 14/16 [01:12<00:09,  4.91s/it]
[2022-12-22 11:42:19,792][cellpose.models][INFO] - 94%|#########3| 15/16 [01:17<00:04,  4.87s/it]
[2022-12-22 11:42:24,586][cellpose.models][INFO] - 100%|##########| 16/16 [01:21<00:00,  4.85s/it]
[2022-12-22 11:42:24,586][cellpose.models][INFO] - 100%|##########| 16/16 [01:21<00:00,  5.12s/it]
[2022-12-22 11:42:24,586][cellpose.models][INFO] - network run in 81.88s
[2022-12-22 11:42:24,589][cellpose.dynamics][INFO] - No cell pixels found.
[2022-12-22 11:44:00,484][cellpose.dynamics][INFO] - No cell pixels found.
[2022-12-22 11:44:00,494][cellpose.dynamics][INFO] - No cell pixels found.
[2022-12-22 11:44:00,823][cellpose.models][INFO] - stitching 16 planes using stitch_threshold=0.500 to make 3D masks
[2022-12-22 11:44:01,897][cellpose.models][INFO] - masks created in 97.31s
