[2022-12-22 12:39:06,486][cellpose.models][INFO] - >>>> loading model /gpfsstore/rech/jsy/uzj81mi/Mari_Models/CellPose/CP_20221121_182849
[2022-12-22 12:39:06,486][cellpose.core][INFO] - >>>> using CPU
[2022-12-22 12:39:06,751][cellpose.models][INFO] - >>>> model diam_mean =  30.000 (ROIs rescaled to this size during training)
[2022-12-22 12:39:06,751][cellpose.models][INFO] - >>>> model diam_labels =  34.611 (mean diameter of training ROIs)
[2022-12-22 12:39:06,908][cellpose.transforms][INFO] - multi-stack tiff read in as having 16 planes 1 channels
[2022-12-22 12:39:07,174][cellpose.models][INFO] - 0%|          | 0/16 [00:00<?, ?it/s]
[2022-12-22 12:39:12,558][cellpose.models][INFO] - 6%|6         | 1/16 [00:05<01:20,  5.38s/it]
[2022-12-22 12:39:17,467][cellpose.models][INFO] - 12%|#2        | 2/16 [00:10<01:11,  5.10s/it]
[2022-12-22 12:39:22,336][cellpose.models][INFO] - 19%|#8        | 3/16 [00:15<01:04,  5.00s/it]
[2022-12-22 12:39:27,252][cellpose.models][INFO] - 25%|##5       | 4/16 [00:20<00:59,  4.96s/it]
[2022-12-22 12:39:32,148][cellpose.models][INFO] - 31%|###1      | 5/16 [00:24<00:54,  4.94s/it]
[2022-12-22 12:39:37,064][cellpose.models][INFO] - 38%|###7      | 6/16 [00:29<00:49,  4.93s/it]
[2022-12-22 12:39:41,973][cellpose.models][INFO] - 44%|####3     | 7/16 [00:34<00:44,  4.92s/it]
[2022-12-22 12:39:46,862][cellpose.models][INFO] - 50%|#####     | 8/16 [00:39<00:39,  4.91s/it]
[2022-12-22 12:39:51,771][cellpose.models][INFO] - 56%|#####6    | 9/16 [00:44<00:34,  4.91s/it]
[2022-12-22 12:39:56,670][cellpose.models][INFO] - 62%|######2   | 10/16 [00:49<00:29,  4.91s/it]
[2022-12-22 12:40:01,662][cellpose.models][INFO] - 69%|######8   | 11/16 [00:54<00:24,  4.93s/it]
[2022-12-22 12:40:06,577][cellpose.models][INFO] - 75%|#######5  | 12/16 [00:59<00:19,  4.93s/it]
[2022-12-22 12:40:11,469][cellpose.models][INFO] - 81%|########1 | 13/16 [01:04<00:14,  4.92s/it]
[2022-12-22 12:40:16,445][cellpose.models][INFO] - 88%|########7 | 14/16 [01:09<00:09,  4.93s/it]
[2022-12-22 12:40:21,399][cellpose.models][INFO] - 94%|#########3| 15/16 [01:14<00:04,  4.94s/it]
[2022-12-22 12:40:26,320][cellpose.models][INFO] - 100%|##########| 16/16 [01:19<00:00,  4.93s/it]
[2022-12-22 12:40:26,320][cellpose.models][INFO] - 100%|##########| 16/16 [01:19<00:00,  4.95s/it]
[2022-12-22 12:40:26,320][cellpose.models][INFO] - network run in 79.15s
[2022-12-22 12:40:26,323][cellpose.dynamics][INFO] - No cell pixels found.
