[2022-12-22 00:16:40,857][cellpose.models][INFO] - >>>> loading model /gpfsstore/rech/jsy/uzj81mi/Mari_Models/CellPose/CP_20221121_182849
[2022-12-22 00:16:40,857][cellpose.core][INFO] - >>>> using CPU
[2022-12-22 00:16:41,158][cellpose.models][INFO] - >>>> model diam_mean =  30.000 (ROIs rescaled to this size during training)
[2022-12-22 00:16:41,158][cellpose.models][INFO] - >>>> model diam_labels =  34.611 (mean diameter of training ROIs)
[2022-12-22 00:16:41,315][cellpose.transforms][INFO] - multi-stack tiff read in as having 16 planes 1 channels
[2022-12-22 00:16:41,581][cellpose.models][INFO] - 0%|          | 0/16 [00:00<?, ?it/s]
[2022-12-22 00:16:46,438][cellpose.models][INFO] - 6%|6         | 1/16 [00:04<01:12,  4.86s/it]
[2022-12-22 00:16:51,168][cellpose.models][INFO] - 12%|#2        | 2/16 [00:09<01:06,  4.78s/it]
[2022-12-22 00:16:55,913][cellpose.models][INFO] - 19%|#8        | 3/16 [00:14<01:01,  4.77s/it]
[2022-12-22 00:17:00,690][cellpose.models][INFO] - 25%|##5       | 4/16 [00:19<00:57,  4.77s/it]
[2022-12-22 00:17:05,435][cellpose.models][INFO] - 31%|###1      | 5/16 [00:23<00:52,  4.76s/it]
[2022-12-22 00:17:10,194][cellpose.models][INFO] - 38%|###7      | 6/16 [00:28<00:47,  4.76s/it]
[2022-12-22 00:17:14,909][cellpose.models][INFO] - 44%|####3     | 7/16 [00:33<00:42,  4.75s/it]
[2022-12-22 00:17:19,633][cellpose.models][INFO] - 50%|#####     | 8/16 [00:38<00:37,  4.74s/it]
[2022-12-22 00:17:24,417][cellpose.models][INFO] - 56%|#####6    | 9/16 [00:42<00:33,  4.75s/it]
[2022-12-22 00:17:29,193][cellpose.models][INFO] - 62%|######2   | 10/16 [00:47<00:28,  4.76s/it]
[2022-12-22 00:17:33,968][cellpose.models][INFO] - 69%|######8   | 11/16 [00:52<00:23,  4.76s/it]
[2022-12-22 00:17:38,707][cellpose.models][INFO] - 75%|#######5  | 12/16 [00:57<00:19,  4.76s/it]
[2022-12-22 00:17:43,435][cellpose.models][INFO] - 81%|########1 | 13/16 [01:01<00:14,  4.75s/it]
[2022-12-22 00:17:48,169][cellpose.models][INFO] - 88%|########7 | 14/16 [01:06<00:09,  4.74s/it]
[2022-12-22 00:17:52,907][cellpose.models][INFO] - 94%|#########3| 15/16 [01:11<00:04,  4.74s/it]
[2022-12-22 00:17:57,636][cellpose.models][INFO] - 100%|##########| 16/16 [01:16<00:00,  4.74s/it]
[2022-12-22 00:17:57,636][cellpose.models][INFO] - 100%|##########| 16/16 [01:16<00:00,  4.75s/it]
[2022-12-22 00:17:57,637][cellpose.models][INFO] - network run in 76.06s
[2022-12-22 00:17:57,640][cellpose.dynamics][INFO] - No cell pixels found.
[2022-12-22 00:17:57,762][cellpose.dynamics][WARNING] - WARNING: no mask pixels found
[2022-12-22 00:17:57,762][cellpose.dynamics][INFO] - No cell pixels found.
[2022-12-22 00:19:27,421][cellpose.models][INFO] - stitching 16 planes using stitch_threshold=0.500 to make 3D masks
[2022-12-22 00:19:28,404][cellpose.models][INFO] - masks created in 90.77s
