[2022-12-22 02:24:14,839][cellpose.models][INFO] - >>>> loading model /gpfsstore/rech/jsy/uzj81mi/Mari_Models/CellPose/CP_20221121_182849
[2022-12-22 02:24:14,839][cellpose.core][INFO] - >>>> using CPU
[2022-12-22 02:24:15,155][cellpose.models][INFO] - >>>> model diam_mean =  30.000 (ROIs rescaled to this size during training)
[2022-12-22 02:24:15,156][cellpose.models][INFO] - >>>> model diam_labels =  34.611 (mean diameter of training ROIs)
[2022-12-22 02:24:15,352][cellpose.transforms][INFO] - multi-stack tiff read in as having 16 planes 1 channels
[2022-12-22 02:24:15,626][cellpose.models][INFO] - 0%|          | 0/16 [00:00<?, ?it/s]
[2022-12-22 02:24:20,656][cellpose.models][INFO] - 6%|6         | 1/16 [00:05<01:15,  5.03s/it]
[2022-12-22 02:24:25,738][cellpose.models][INFO] - 12%|#2        | 2/16 [00:10<01:10,  5.06s/it]
[2022-12-22 02:24:30,810][cellpose.models][INFO] - 19%|#8        | 3/16 [00:15<01:05,  5.07s/it]
[2022-12-22 02:24:35,895][cellpose.models][INFO] - 25%|##5       | 4/16 [00:20<01:00,  5.07s/it]
[2022-12-22 02:24:40,971][cellpose.models][INFO] - 31%|###1      | 5/16 [00:25<00:55,  5.07s/it]
[2022-12-22 02:24:46,074][cellpose.models][INFO] - 38%|###7      | 6/16 [00:30<00:50,  5.08s/it]
[2022-12-22 02:24:51,198][cellpose.models][INFO] - 44%|####3     | 7/16 [00:35<00:45,  5.10s/it]
[2022-12-22 02:24:56,241][cellpose.models][INFO] - 50%|#####     | 8/16 [00:40<00:40,  5.08s/it]
[2022-12-22 02:25:01,305][cellpose.models][INFO] - 56%|#####6    | 9/16 [00:45<00:35,  5.07s/it]
[2022-12-22 02:25:06,368][cellpose.models][INFO] - 62%|######2   | 10/16 [00:50<00:30,  5.07s/it]
[2022-12-22 02:25:11,420][cellpose.models][INFO] - 69%|######8   | 11/16 [00:55<00:25,  5.07s/it]
[2022-12-22 02:25:16,481][cellpose.models][INFO] - 75%|#######5  | 12/16 [01:00<00:20,  5.06s/it]
[2022-12-22 02:25:21,564][cellpose.models][INFO] - 81%|########1 | 13/16 [01:05<00:15,  5.07s/it]
[2022-12-22 02:25:26,562][cellpose.models][INFO] - 88%|########7 | 14/16 [01:10<00:10,  5.05s/it]
[2022-12-22 02:25:31,553][cellpose.models][INFO] - 94%|#########3| 15/16 [01:15<00:05,  5.03s/it]
[2022-12-22 02:25:36,546][cellpose.models][INFO] - 100%|##########| 16/16 [01:20<00:00,  5.02s/it]
[2022-12-22 02:25:36,547][cellpose.models][INFO] - 100%|##########| 16/16 [01:20<00:00,  5.06s/it]
[2022-12-22 02:25:36,547][cellpose.models][INFO] - network run in 80.92s
[2022-12-22 02:25:36,550][cellpose.dynamics][INFO] - No cell pixels found.
[2022-12-22 02:25:36,669][cellpose.dynamics][WARNING] - WARNING: no mask pixels found
[2022-12-22 02:25:36,669][cellpose.dynamics][INFO] - No cell pixels found.
[2022-12-22 02:26:30,856][cellpose.models][INFO] - stitching 16 planes using stitch_threshold=0.500 to make 3D masks
[2022-12-22 02:26:31,846][cellpose.models][INFO] - masks created in 55.30s
