[2022-12-22 09:57:29,481][cellpose.models][INFO] - >>>> loading model /gpfsstore/rech/jsy/uzj81mi/Mari_Models/CellPose/CP_20221121_182849
[2022-12-22 09:57:29,481][cellpose.core][INFO] - >>>> using CPU
[2022-12-22 09:57:29,818][cellpose.models][INFO] - >>>> model diam_mean =  30.000 (ROIs rescaled to this size during training)
[2022-12-22 09:57:29,818][cellpose.models][INFO] - >>>> model diam_labels =  34.611 (mean diameter of training ROIs)
[2022-12-22 09:57:29,983][cellpose.transforms][INFO] - multi-stack tiff read in as having 16 planes 1 channels
[2022-12-22 09:57:30,241][cellpose.models][INFO] - 0%|          | 0/16 [00:00<?, ?it/s]
[2022-12-22 09:57:34,900][cellpose.models][INFO] - 6%|6         | 1/16 [00:04<01:09,  4.66s/it]
[2022-12-22 09:57:39,326][cellpose.models][INFO] - 12%|#2        | 2/16 [00:09<01:03,  4.52s/it]
[2022-12-22 09:57:43,752][cellpose.models][INFO] - 19%|#8        | 3/16 [00:13<00:58,  4.48s/it]
[2022-12-22 09:57:48,300][cellpose.models][INFO] - 25%|##5       | 4/16 [00:18<00:54,  4.51s/it]
[2022-12-22 09:57:52,789][cellpose.models][INFO] - 31%|###1      | 5/16 [00:22<00:49,  4.50s/it]
[2022-12-22 09:57:57,292][cellpose.models][INFO] - 38%|###7      | 6/16 [00:27<00:45,  4.50s/it]
[2022-12-22 09:58:01,821][cellpose.models][INFO] - 44%|####3     | 7/16 [00:31<00:40,  4.51s/it]
[2022-12-22 09:58:06,370][cellpose.models][INFO] - 50%|#####     | 8/16 [00:36<00:36,  4.52s/it]
[2022-12-22 09:58:10,926][cellpose.models][INFO] - 56%|#####6    | 9/16 [00:40<00:31,  4.53s/it]
[2022-12-22 09:58:15,460][cellpose.models][INFO] - 62%|######2   | 10/16 [00:45<00:27,  4.53s/it]
[2022-12-22 09:58:20,047][cellpose.models][INFO] - 69%|######8   | 11/16 [00:49<00:22,  4.55s/it]
[2022-12-22 09:58:24,648][cellpose.models][INFO] - 75%|#######5  | 12/16 [00:54<00:18,  4.57s/it]
[2022-12-22 09:58:29,251][cellpose.models][INFO] - 81%|########1 | 13/16 [00:59<00:13,  4.58s/it]
[2022-12-22 09:58:33,915][cellpose.models][INFO] - 88%|########7 | 14/16 [01:03<00:09,  4.60s/it]
[2022-12-22 09:58:38,631][cellpose.models][INFO] - 94%|#########3| 15/16 [01:08<00:04,  4.64s/it]
[2022-12-22 09:58:43,514][cellpose.models][INFO] - 100%|##########| 16/16 [01:13<00:00,  4.71s/it]
[2022-12-22 09:58:43,514][cellpose.models][INFO] - 100%|##########| 16/16 [01:13<00:00,  4.58s/it]
[2022-12-22 09:58:43,515][cellpose.models][INFO] - network run in 73.27s
[2022-12-22 09:58:43,517][cellpose.dynamics][INFO] - No cell pixels found.
[2022-12-22 10:00:50,487][cellpose.dynamics][INFO] - No cell pixels found.
[2022-12-22 10:00:50,493][cellpose.dynamics][INFO] - No cell pixels found.
[2022-12-22 10:00:50,836][cellpose.models][INFO] - stitching 16 planes using stitch_threshold=0.500 to make 3D masks
[2022-12-22 10:00:51,900][cellpose.models][INFO] - masks created in 128.39s
