[2022-12-22 10:06:55,429][cellpose.models][INFO] - >>>> loading model /gpfsstore/rech/jsy/uzj81mi/Mari_Models/CellPose/CP_20221121_182849
[2022-12-22 10:06:55,429][cellpose.core][INFO] - >>>> using CPU
[2022-12-22 10:06:55,702][cellpose.models][INFO] - >>>> model diam_mean =  30.000 (ROIs rescaled to this size during training)
[2022-12-22 10:06:55,702][cellpose.models][INFO] - >>>> model diam_labels =  34.611 (mean diameter of training ROIs)
[2022-12-22 10:06:55,875][cellpose.transforms][INFO] - multi-stack tiff read in as having 16 planes 1 channels
[2022-12-22 10:06:56,141][cellpose.models][INFO] - 0%|          | 0/16 [00:00<?, ?it/s]
[2022-12-22 10:07:00,972][cellpose.models][INFO] - 6%|6         | 1/16 [00:04<01:12,  4.83s/it]
[2022-12-22 10:07:05,616][cellpose.models][INFO] - 12%|#2        | 2/16 [00:09<01:06,  4.72s/it]
[2022-12-22 10:07:10,393][cellpose.models][INFO] - 19%|#8        | 3/16 [00:14<01:01,  4.75s/it]
[2022-12-22 10:07:15,047][cellpose.models][INFO] - 25%|##5       | 4/16 [00:18<00:56,  4.71s/it]
[2022-12-22 10:07:19,705][cellpose.models][INFO] - 31%|###1      | 5/16 [00:23<00:51,  4.69s/it]
[2022-12-22 10:07:24,552][cellpose.models][INFO] - 38%|###7      | 6/16 [00:28<00:47,  4.74s/it]
[2022-12-22 10:07:29,351][cellpose.models][INFO] - 44%|####3     | 7/16 [00:33<00:42,  4.76s/it]
[2022-12-22 10:07:34,215][cellpose.models][INFO] - 50%|#####     | 8/16 [00:38<00:38,  4.79s/it]
[2022-12-22 10:07:39,021][cellpose.models][INFO] - 56%|#####6    | 9/16 [00:42<00:33,  4.80s/it]
[2022-12-22 10:07:43,811][cellpose.models][INFO] - 62%|######2   | 10/16 [00:47<00:28,  4.80s/it]
[2022-12-22 10:07:48,651][cellpose.models][INFO] - 69%|######8   | 11/16 [00:52<00:24,  4.81s/it]
[2022-12-22 10:07:53,488][cellpose.models][INFO] - 75%|#######5  | 12/16 [00:57<00:19,  4.82s/it]
[2022-12-22 10:07:58,331][cellpose.models][INFO] - 81%|########1 | 13/16 [01:02<00:14,  4.83s/it]
[2022-12-22 10:08:03,199][cellpose.models][INFO] - 88%|########7 | 14/16 [01:07<00:09,  4.84s/it]
[2022-12-22 10:08:08,039][cellpose.models][INFO] - 94%|#########3| 15/16 [01:11<00:04,  4.84s/it]
[2022-12-22 10:08:12,873][cellpose.models][INFO] - 100%|##########| 16/16 [01:16<00:00,  4.84s/it]
[2022-12-22 10:08:12,873][cellpose.models][INFO] - 100%|##########| 16/16 [01:16<00:00,  4.80s/it]
[2022-12-22 10:08:12,873][cellpose.models][INFO] - network run in 76.73s
[2022-12-22 10:08:12,877][cellpose.dynamics][INFO] - No cell pixels found.
[2022-12-22 10:10:18,411][cellpose.dynamics][INFO] - No cell pixels found.
[2022-12-22 10:10:18,421][cellpose.dynamics][INFO] - No cell pixels found.
[2022-12-22 10:10:18,755][cellpose.models][INFO] - stitching 16 planes using stitch_threshold=0.500 to make 3D masks
[2022-12-22 10:10:19,833][cellpose.models][INFO] - masks created in 126.96s
