[2022-12-22 03:15:03,808][cellpose.models][INFO] - >>>> loading model /gpfsstore/rech/jsy/uzj81mi/Mari_Models/CellPose/CP_20221122_172412
[2022-12-22 03:15:03,809][cellpose.core][INFO] - >>>> using CPU
[2022-12-22 03:15:04,063][cellpose.models][INFO] - >>>> model diam_mean =  30.000 (ROIs rescaled to this size during training)
[2022-12-22 03:15:04,063][cellpose.models][INFO] - >>>> model diam_labels =  33.551 (mean diameter of training ROIs)
[2022-12-22 03:15:04,181][cellpose.transforms][INFO] - multi-stack tiff read in as having 16 planes 1 channels
[2022-12-22 03:15:04,450][cellpose.models][INFO] - 0%|          | 0/16 [00:00<?, ?it/s]
[2022-12-22 03:15:09,701][cellpose.models][INFO] - 6%|6         | 1/16 [00:05<01:18,  5.25s/it]
[2022-12-22 03:15:14,422][cellpose.models][INFO] - 12%|#2        | 2/16 [00:09<01:09,  4.94s/it]
[2022-12-22 03:15:19,087][cellpose.models][INFO] - 19%|#8        | 3/16 [00:14<01:02,  4.81s/it]
[2022-12-22 03:15:23,737][cellpose.models][INFO] - 25%|##5       | 4/16 [00:19<00:56,  4.75s/it]
[2022-12-22 03:15:28,385][cellpose.models][INFO] - 31%|###1      | 5/16 [00:23<00:51,  4.71s/it]
[2022-12-22 03:15:33,092][cellpose.models][INFO] - 38%|###7      | 6/16 [00:28<00:47,  4.71s/it]
[2022-12-22 03:15:37,807][cellpose.models][INFO] - 44%|####3     | 7/16 [00:33<00:42,  4.71s/it]
[2022-12-22 03:15:42,509][cellpose.models][INFO] - 50%|#####     | 8/16 [00:38<00:37,  4.71s/it]
[2022-12-22 03:15:47,237][cellpose.models][INFO] - 56%|#####6    | 9/16 [00:42<00:33,  4.71s/it]
[2022-12-22 03:15:51,963][cellpose.models][INFO] - 62%|######2   | 10/16 [00:47<00:28,  4.72s/it]
[2022-12-22 03:15:56,644][cellpose.models][INFO] - 69%|######8   | 11/16 [00:52<00:23,  4.71s/it]
[2022-12-22 03:16:01,377][cellpose.models][INFO] - 75%|#######5  | 12/16 [00:56<00:18,  4.71s/it]
[2022-12-22 03:16:06,063][cellpose.models][INFO] - 81%|########1 | 13/16 [01:01<00:14,  4.71s/it]
[2022-12-22 03:16:10,794][cellpose.models][INFO] - 88%|########7 | 14/16 [01:06<00:09,  4.71s/it]
[2022-12-22 03:16:15,491][cellpose.models][INFO] - 94%|#########3| 15/16 [01:11<00:04,  4.71s/it]
[2022-12-22 03:16:20,161][cellpose.models][INFO] - 100%|##########| 16/16 [01:15<00:00,  4.70s/it]
[2022-12-22 03:16:20,162][cellpose.models][INFO] - 100%|##########| 16/16 [01:15<00:00,  4.73s/it]
[2022-12-22 03:16:20,162][cellpose.models][INFO] - network run in 75.71s
[2022-12-22 03:18:24,113][cellpose.models][INFO] - stitching 16 planes using stitch_threshold=0.500 to make 3D masks
[2022-12-22 03:18:25,328][cellpose.models][INFO] - masks created in 125.17s
